{"meta": {"format": 3, "version": "7.13.5", "timestamp": "2026-03-24T10:31:23.765565", "branch_coverage": false, "show_contexts": false}, "files": {"src/aquarco_supervisor/__init__.py": {"executed_lines": [3], "summary": {"covered_lines": 1, "num_statements": 1, "percent_covered": 100.0, "percent_covered_display": "100", "missing_lines": 0, "excluded_lines": 0, "percent_statements_covered": 100.0, "percent_statements_covered_display": "100"}, "missing_lines": [], "excluded_lines": [], "functions": {"": {"executed_lines": [3], "summary": {"covered_lines": 1, "num_statements": 1, "percent_covered": 100.0, "percent_covered_display": "100", "missing_lines": 0, "excluded_lines": 0, "percent_statements_covered": 100.0, "percent_statements_covered_display": "100"}, "missing_lines": [], "excluded_lines": [], "start_line": 1}}, "classes": {"": {"executed_lines": [3], "summary": {"covered_lines": 1, "num_statements": 1, "percent_covered": 100.0, "percent_covered_display": "100", "missing_lines": 0, "excluded_lines": 0, "percent_statements_covered": 100.0, "percent_statements_covered_display": "100"}, "missing_lines": [], "excluded_lines": [], "start_line": 1}}}, "src/aquarco_supervisor/cli/__init__.py": {"executed_lines": [], "summary": {"covered_lines": 0, "num_statements": 0, "percent_covered": 100.0, "percent_covered_display": "100", "missing_lines": 0, "excluded_lines": 0, "percent_statements_covered": 100.0, "percent_statements_covered_display": "100"}, "missing_lines": [], "excluded_lines": [], "functions": {"": {"executed_lines": [], "summary": {"covered_lines": 0, "num_statements": 0, "percent_covered": 100.0, "percent_covered_display": "100", "missing_lines": 0, "excluded_lines": 0, "percent_statements_covered": 100.0, "percent_statements_covered_display": "100"}, "missing_lines": [], "excluded_lines": [], "start_line": 1}}, "classes": {"": {"executed_lines": [], "summary": {"covered_lines": 0, "num_statements": 0, "percent_covered": 100.0, "percent_covered_display": "100", "missing_lines": 0, "excluded_lines": 0, "percent_statements_covered": 100.0, "percent_statements_covered_display": "100"}, "missing_lines": [], "excluded_lines": [], "start_line": 1}}}, "src/aquarco_supervisor/cli/agents.py": {"executed_lines": [10, 12, 13, 14, 15, 16, 17, 19, 20, 22, 24, 26, 31, 32, 33, 34, 35, 36, 39, 40, 43, 44, 45, 52, 55, 56, 57, 59, 60, 63, 65, 66, 67, 68, 69, 70, 71, 74, 83, 86, 87, 88, 89, 91, 92, 94, 97, 98, 99, 105, 106, 107, 113, 114, 115, 116, 117, 123, 124, 125, 126, 127, 133, 134, 135, 136, 137, 143, 144, 145, 146, 148, 149, 150, 156, 157, 158, 161, 162, 163, 170, 171, 177, 178, 179, 180, 181, 182, 188, 189, 190, 191, 192, 197, 199, 200, 203, 204, 221, 228, 229, 346, 347, 408, 531, 534, 535, 536, 537, 539, 544, 558], "summary": {"covered_lines": 112, "num_statements": 284, "percent_covered": 39.436619718309856, "percent_covered_display": "39", "missing_lines": 172, "excluded_lines": 0, "percent_statements_covered": 39.436619718309856, "percent_statements_covered_display": "39"}, "missing_lines": [164, 165, 169, 256, 257, 258, 259, 260, 261, 263, 266, 267, 268, 269, 272, 273, 274, 276, 277, 278, 280, 281, 283, 284, 285, 286, 287, 288, 289, 290, 292, 293, 295, 296, 297, 298, 299, 300, 301, 305, 306, 308, 309, 310, 311, 313, 314, 316, 317, 319, 322, 323, 325, 327, 328, 330, 331, 332, 333, 334, 335, 336, 337, 338, 339, 366, 367, 368, 370, 371, 372, 374, 376, 377, 378, 380, 382, 383, 384, 390, 391, 392, 393, 394, 398, 400, 401, 402, 403, 405, 410, 411, 412, 413, 414, 416, 417, 418, 420, 421, 423, 424, 426, 427, 430, 431, 432, 434, 437, 438, 439, 441, 444, 445, 446, 447, 448, 450, 453, 454, 455, 456, 457, 459, 462, 463, 464, 465, 466, 468, 471, 472, 473, 475, 476, 477, 478, 480, 484, 485, 486, 488, 489, 490, 491, 492, 493, 494, 495, 496, 498, 501, 502, 503, 504, 505, 506, 508, 512, 513, 514, 515, 516, 518, 521, 522, 523, 524, 560, 561, 563, 564], "excluded_lines": [], "functions": {"ValidationError.__init__": {"executed_lines": [56, 57], "summary": {"covered_lines": 2, "num_statements": 2, "percent_covered": 100.0, "percent_covered_display": "100", "missing_lines": 0, "excluded_lines": 0, "percent_statements_covered": 100.0, "percent_statements_covered_display": "100"}, "missing_lines": [], "excluded_lines": [], "start_line": 55}, "ValidationError.__str__": {"executed_lines": [60], "summary": {"covered_lines": 1, "num_statements": 1, "percent_covered": 100.0, "percent_covered_display": "100", "missing_lines": 0, "excluded_lines": 0, "percent_statements_covered": 100.0, "percent_statements_covered_display": "100"}, "missing_lines": [], "excluded_lines": [], "start_line": 59}, "_get_field": {"executed_lines": [65, 66, 67, 68, 69, 70, 71], "summary": {"covered_lines": 7, "num_statements": 7, "percent_covered": 100.0, "percent_covered_display": "100", "missing_lines": 0, "excluded_lines": 0, "percent_statements_covered": 100.0, "percent_statements_covered_display": "100"}, "missing_lines": [], "excluded_lines": [], "start_line": 63}, "validate_definition": {"executed_lines": [83, 86, 87, 88, 89, 91, 92, 94, 97, 98, 99, 105, 106, 107, 113, 114, 115, 116, 117, 123, 124, 125, 126, 127, 133, 134, 135, 136, 137, 143, 144, 145, 146, 148, 149, 150, 156, 157, 158, 161, 162, 163, 170, 171, 177, 178, 179, 180, 181, 182, 188, 189, 190, 191, 192, 197, 199, 200, 203, 204, 221], "summary": {"covered_lines": 61, "num_statements": 64, "percent_covered": 95.3125, "percent_covered_display": "95", "missing_lines": 3, "excluded_lines": 0, "percent_statements_covered": 95.3125, "percent_statements_covered_display": "95"}, "missing_lines": [164, 165, 169], "excluded_lines": [], "start_line": 74}, "discover": {"executed_lines": [], "summary": {"covered_lines": 0, "num_statements": 62, "percent_covered": 0.0, "percent_covered_display": "0", "missing_lines": 62, "excluded_lines": 0, "percent_statements_covered": 0.0, "percent_statements_covered_display": "0"}, "missing_lines": [256, 257, 258, 259, 260, 261, 263, 266, 267, 268, 269, 272, 273, 274, 276, 277, 278, 280, 281, 283, 284, 285, 286, 287, 288, 289, 290, 292, 293, 295, 296, 297, 298, 299, 300, 301, 305, 306, 308, 309, 310, 311, 313, 314, 316, 317, 319, 322, 323, 325, 327, 328, 330, 331, 332, 333, 334, 335, 336, 337, 338, 339], "excluded_lines": [], "start_line": 229}, "validate": {"executed_lines": [], "summary": {"covered_lines": 0, "num_statements": 25, "percent_covered": 0.0, "percent_covered_display": "0", "missing_lines": 25, "excluded_lines": 0, "percent_statements_covered": 0.0, "percent_statements_covered_display": "0"}, "missing_lines": [366, 367, 368, 370, 371, 372, 374, 376, 377, 378, 380, 382, 383, 384, 390, 391, 392, 393, 394, 398, 400, 401, 402, 403, 405], "excluded_lines": [], "start_line": 347}, "_print_verbose_validation": {"executed_lines": [], "summary": {"covered_lines": 0, "num_statements": 76, "percent_covered": 0.0, "percent_covered_display": "0", "missing_lines": 76, "excluded_lines": 0, "percent_statements_covered": 0.0, "percent_statements_covered_display": "0"}, "missing_lines": [410, 411, 412, 413, 414, 416, 417, 418, 420, 421, 423, 426, 430, 431, 432, 434, 437, 438, 439, 441, 444, 445, 446, 447, 448, 450, 453, 454, 455, 456, 457, 459, 462, 463, 464, 465, 466, 468, 471, 472, 473, 475, 476, 477, 478, 480, 484, 485, 486, 488, 489, 490, 491, 492, 493, 494, 495, 496, 498, 501, 502, 503, 504, 505, 506, 508, 512, 513, 514, 515, 516, 518, 521, 522, 523, 524], "excluded_lines": [], "start_line": 408}, "_print_verbose_validation.ok": {"executed_lines": [], "summary": {"covered_lines": 0, "num_statements": 1, "percent_covered": 0.0, "percent_covered_display": "0", "missing_lines": 1, "excluded_lines": 0, "percent_statements_covered": 0.0, "percent_statements_covered_display": "0"}, "missing_lines": [424], "excluded_lines": [], "start_line": 423}, "_print_verbose_validation.fail": {"executed_lines": [], "summary": {"covered_lines": 0, "num_statements": 1, "percent_covered": 0.0, "percent_covered_display": "0", "missing_lines": 1, "excluded_lines": 0, "percent_statements_covered": 0.0, "percent_statements_covered_display": "0"}, "missing_lines": [427], "excluded_lines": [], "start_line": 426}, "_build_registry": {"executed_lines": [534, 535, 536, 537, 539, 544], "summary": {"covered_lines": 6, "num_statements": 6, "percent_covered": 100.0, "percent_covered_display": "100", "missing_lines": 0, "excluded_lines": 0, "percent_statements_covered": 100.0, "percent_statements_covered_display": "100"}, "missing_lines": [], "excluded_lines": [], "start_line": 531}, "_fatal": {"executed_lines": [], "summary": {"covered_lines": 0, "num_statements": 4, "percent_covered": 0.0, "percent_covered_display": "0", "missing_lines": 4, "excluded_lines": 0, "percent_statements_covered": 0.0, "percent_statements_covered_display": "0"}, "missing_lines": [560, 561, 563, 564], "excluded_lines": [], "start_line": 558}, "": {"executed_lines": [10, 12, 13, 14, 15, 16, 17, 19, 20, 22, 24, 26, 31, 32, 33, 34, 35, 36, 39, 40, 43, 44, 45, 52, 55, 59, 63, 74, 228, 229, 346, 347, 408, 531, 558], "summary": {"covered_lines": 35, "num_statements": 35, "percent_covered": 100.0, "percent_covered_display": "100", "missing_lines": 0, "excluded_lines": 0, "percent_statements_covered": 100.0, "percent_statements_covered_display": "100"}, "missing_lines": [], "excluded_lines": [], "start_line": 1}}, "classes": {"ValidationError": {"executed_lines": [56, 57, 60], "summary": {"covered_lines": 3, "num_statements": 3, "percent_covered": 100.0, "percent_covered_display": "100", "missing_lines": 0, "excluded_lines": 0, "percent_statements_covered": 100.0, "percent_statements_covered_display": "100"}, "missing_lines": [], "excluded_lines": [], "start_line": 52}, "": {"executed_lines": [10, 12, 13, 14, 15, 16, 17, 19, 20, 22, 24, 26, 31, 32, 33, 34, 35, 36, 39, 40, 43, 44, 45, 52, 55, 59, 63, 65, 66, 67, 68, 69, 70, 71, 74, 83, 86, 87, 88, 89, 91, 92, 94, 97, 98, 99, 105, 106, 107, 113, 114, 115, 116, 117, 123, 124, 125, 126, 127, 133, 134, 135, 136, 137, 143, 144, 145, 146, 148, 149, 150, 156, 157, 158, 161, 162, 163, 170, 171, 177, 178, 179, 180, 181, 182, 188, 189, 190, 191, 192, 197, 199, 200, 203, 204, 221, 228, 229, 346, 347, 408, 531, 534, 535, 536, 537, 539, 544, 558], "summary": {"covered_lines": 109, "num_statements": 281, "percent_covered": 38.79003558718861, "percent_covered_display": "39", "missing_lines": 172, "excluded_lines": 0, "percent_statements_covered": 38.79003558718861, "percent_statements_covered_display": "39"}, "missing_lines": [164, 165, 169, 256, 257, 258, 259, 260, 261, 263, 266, 267, 268, 269, 272, 273, 274, 276, 277, 278, 280, 281, 283, 284, 285, 286, 287, 288, 289, 290, 292, 293, 295, 296, 297, 298, 299, 300, 301, 305, 306, 308, 309, 310, 311, 313, 314, 316, 317, 319, 322, 323, 325, 327, 328, 330, 331, 332, 333, 334, 335, 336, 337, 338, 339, 366, 367, 368, 370, 371, 372, 374, 376, 377, 378, 380, 382, 383, 384, 390, 391, 392, 393, 394, 398, 400, 401, 402, 403, 405, 410, 411, 412, 413, 414, 416, 417, 418, 420, 421, 423, 424, 426, 427, 430, 431, 432, 434, 437, 438, 439, 441, 444, 445, 446, 447, 448, 450, 453, 454, 455, 456, 457, 459, 462, 463, 464, 465, 466, 468, 471, 472, 473, 475, 476, 477, 478, 480, 484, 485, 486, 488, 489, 490, 491, 492, 493, 494, 495, 496, 498, 501, 502, 503, 504, 505, 506, 508, 512, 513, 514, 515, 516, 518, 521, 522, 523, 524, 560, 561, 563, 564], "excluded_lines": [], "start_line": 1}}}, "src/aquarco_supervisor/cli/auth_helper.py": {"executed_lines": [3, 5, 6, 7, 8, 9, 11, 13, 15, 17, 18, 19, 20, 25, 53, 71, 134, 136, 137, 138, 140, 141, 142, 145, 150, 151, 152, 153, 154, 155, 156, 159, 160, 162, 163, 166, 168, 169, 170, 171, 172, 173, 174, 175, 176, 177, 180, 182, 183, 184, 185, 188, 190, 191, 192, 194, 195, 196, 198, 203, 204, 205, 209, 210, 213, 219, 252], "summary": {"covered_lines": 67, "num_statements": 134, "percent_covered": 50.0, "percent_covered_display": "50", "missing_lines": 67, "excluded_lines": 0, "percent_statements_covered": 50.0, "percent_statements_covered_display": "50"}, "missing_lines": [31, 37, 38, 41, 42, 43, 44, 45, 46, 47, 49, 50, 55, 57, 58, 59, 64, 65, 73, 74, 75, 77, 78, 79, 80, 81, 84, 85, 88, 89, 93, 95, 99, 103, 104, 109, 114, 117, 120, 126, 128, 129, 227, 228, 229, 235, 236, 237, 238, 239, 240, 241, 243, 244, 245, 246, 276, 278, 279, 281, 283, 284, 285, 287, 288, 290, 291], "excluded_lines": [], "functions": {"_run_command": {"executed_lines": [], "summary": {"covered_lines": 0, "num_statements": 12, "percent_covered": 0.0, "percent_covered_display": "0", "missing_lines": 12, "excluded_lines": 0, "percent_statements_covered": 0.0, "percent_statements_covered_display": "0"}, "missing_lines": [31, 37, 38, 41, 42, 43, 44, 45, 46, 47, 49, 50], "excluded_lines": [], "start_line": 25}, "_kill_previous_login_processes": {"executed_lines": [], "summary": {"covered_lines": 0, "num_statements": 6, "percent_covered": 0.0, "percent_covered_display": "0", "missing_lines": 6, "excluded_lines": 0, "percent_statements_covered": 0.0, "percent_statements_covered_display": "0"}, "missing_lines": [55, 57, 58, 59, 64, 65], "excluded_lines": [], "start_line": 53}, "_handle_login": {"executed_lines": [], "summary": {"covered_lines": 0, "num_statements": 24, "percent_covered": 0.0, "percent_covered_display": "0", "missing_lines": 24, "excluded_lines": 0, "percent_statements_covered": 0.0, "percent_statements_covered_display": "0"}, "missing_lines": [73, 74, 75, 77, 78, 79, 80, 81, 84, 85, 88, 89, 93, 95, 99, 103, 104, 109, 114, 117, 120, 126, 128, 129], "excluded_lines": [], "start_line": 71}, "_handle_status": {"executed_lines": [136, 137, 138, 140, 141, 142, 145, 150, 151, 152, 153, 154, 155, 156, 159, 160, 162, 163], "summary": {"covered_lines": 18, "num_statements": 18, "percent_covered": 100.0, "percent_covered_display": "100", "missing_lines": 0, "excluded_lines": 0, "percent_statements_covered": 100.0, "percent_statements_covered_display": "100"}, "missing_lines": [], "excluded_lines": [], "start_line": 134}, "_read_credentials_file": {"executed_lines": [168, 169, 170, 171, 172, 173, 174, 175, 176, 177], "summary": {"covered_lines": 10, "num_statements": 10, "percent_covered": 100.0, "percent_covered_display": "100", "missing_lines": 0, "excluded_lines": 0, "percent_statements_covered": 100.0, "percent_statements_covered_display": "100"}, "missing_lines": [], "excluded_lines": [], "start_line": 166}, "_extract_logged_in": {"executed_lines": [182, 183, 184, 185], "summary": {"covered_lines": 4, "num_statements": 4, "percent_covered": 100.0, "percent_covered_display": "100", "missing_lines": 0, "excluded_lines": 0, "percent_statements_covered": 100.0, "percent_statements_covered_display": "100"}, "missing_lines": [], "excluded_lines": [], "start_line": 180}, "_handle_logout": {"executed_lines": [190, 191, 192, 194, 195, 196, 198, 203, 204, 205, 209, 210, 213], "summary": {"covered_lines": 13, "num_statements": 13, "percent_covered": 100.0, "percent_covered_display": "100", "missing_lines": 0, "excluded_lines": 0, "percent_statements_covered": 100.0, "percent_statements_covered_display": "100"}, "missing_lines": [], "excluded_lines": [], "start_line": 188}, "_watch_loop": {"executed_lines": [], "summary": {"covered_lines": 0, "num_statements": 14, "percent_covered": 0.0, "percent_covered_display": "0", "missing_lines": 14, "excluded_lines": 0, "percent_statements_covered": 0.0, "percent_statements_covered_display": "0"}, "missing_lines": [227, 228, 229, 235, 236, 237, 238, 239, 240, 241, 243, 244, 245, 246], "excluded_lines": [], "start_line": 219}, "auth_watch": {"executed_lines": [], "summary": {"covered_lines": 0, "num_statements": 9, "percent_covered": 0.0, "percent_covered_display": "0", "missing_lines": 9, "excluded_lines": 0, "percent_statements_covered": 0.0, "percent_statements_covered_display": "0"}, "missing_lines": [276, 278, 279, 281, 283, 287, 288, 290, 291], "excluded_lines": [], "start_line": 252}, "auth_watch._handle_signal": {"executed_lines": [], "summary": {"covered_lines": 0, "num_statements": 2, "percent_covered": 0.0, "percent_covered_display": "0", "missing_lines": 2, "excluded_lines": 0, "percent_statements_covered": 0.0, "percent_statements_covered_display": "0"}, "missing_lines": [284, 285], "excluded_lines": [], "start_line": 283}, "": {"executed_lines": [3, 5, 6, 7, 8, 9, 11, 13, 15, 17, 18, 19, 20, 25, 53, 71, 134, 166, 180, 188, 219, 252], "summary": {"covered_lines": 22, "num_statements": 22, "percent_covered": 100.0, "percent_covered_display": "100", "missing_lines": 0, "excluded_lines": 0, "percent_statements_covered": 100.0, "percent_statements_covered_display": "100"}, "missing_lines": [], "excluded_lines": [], "start_line": 1}}, "classes": {"": {"executed_lines": [3, 5, 6, 7, 8, 9, 11, 13, 15, 17, 18, 19, 20, 25, 53, 71, 134, 136, 137, 138, 140, 141, 142, 145, 150, 151, 152, 153, 154, 155, 156, 159, 160, 162, 163, 166, 168, 169, 170, 171, 172, 173, 174, 175, 176, 177, 180, 182, 183, 184, 185, 188, 190, 191, 192, 194, 195, 196, 198, 203, 204, 205, 209, 210, 213, 219, 252], "summary": {"covered_lines": 67, "num_statements": 134, "percent_covered": 50.0, "percent_covered_display": "50", "missing_lines": 67, "excluded_lines": 0, "percent_statements_covered": 50.0, "percent_statements_covered_display": "50"}, "missing_lines": [31, 37, 38, 41, 42, 43, 44, 45, 46, 47, 49, 50, 55, 57, 58, 59, 64, 65, 73, 74, 75, 77, 78, 79, 80, 81, 84, 85, 88, 89, 93, 95, 99, 103, 104, 109, 114, 117, 120, 126, 128, 129, 227, 228, 229, 235, 236, 237, 238, 239, 240, 241, 243, 244, 245, 246, 276, 278, 279, 281, 283, 284, 285, 287, 288, 290, 291], "excluded_lines": [], "start_line": 1}}}, "src/aquarco_supervisor/cli/claude.py": {"executed_lines": [3, 5, 6, 7, 8, 9, 10, 11, 12, 14, 15, 18, 19, 22, 23, 25, 28, 30, 39, 42, 59, 60, 63, 64, 65, 66, 67, 69, 79, 80, 81, 82, 83, 84, 85, 87, 88, 89, 91, 92, 94, 103, 104, 107, 108, 117, 118, 121, 122, 123, 124, 129, 130, 131, 132, 133, 134, 138, 139, 140, 148, 153, 154, 155, 158, 161, 171, 172, 176, 181, 182, 183, 196, 197, 198, 200, 205, 208, 210, 212, 218, 221, 222, 223, 224, 227, 228, 229, 230, 233, 234, 235, 237], "summary": {"covered_lines": 93, "num_statements": 158, "percent_covered": 58.860759493670884, "percent_covered_display": "59", "missing_lines": 65, "excluded_lines": 0, "percent_statements_covered": 58.860759493670884, "percent_statements_covered_display": "59"}, "missing_lines": [105, 135, 136, 137, 174, 175, 177, 184, 187, 188, 189, 190, 191, 192, 193, 194, 195, 199, 201, 202, 211, 213, 216, 225, 226, 236, 238, 240, 241, 242, 244, 246, 249, 250, 251, 252, 253, 254, 255, 256, 257, 258, 259, 260, 261, 262, 264, 267, 270, 271, 272, 273, 274, 275, 276, 279, 280, 281, 282, 283, 284, 285, 286, 287, 289], "excluded_lines": [], "functions": {"_format_schema_prompt": {"executed_lines": [30, 39], "summary": {"covered_lines": 2, "num_statements": 2, "percent_covered": 100.0, "percent_covered_display": "100", "missing_lines": 0, "excluded_lines": 0, "percent_statements_covered": 100.0, "percent_statements_covered_display": "100"}, "missing_lines": [], "excluded_lines": [], "start_line": 28}, "execute_claude": {"executed_lines": [59, 60, 63, 64, 65, 66, 67, 69, 79, 80, 81, 82, 83, 84, 85, 87, 88, 89, 91, 92, 94, 103, 104, 107, 108, 117, 118, 121, 122, 123, 124, 129, 130, 131, 132, 133, 134, 138, 139, 140, 148, 153, 154, 155, 158], "summary": {"covered_lines": 45, "num_statements": 49, "percent_covered": 91.83673469387755, "percent_covered_display": "92", "missing_lines": 4, "excluded_lines": 0, "percent_statements_covered": 91.83673469387755, "percent_statements_covered_display": "92"}, "missing_lines": [105, 135, 136, 137], "excluded_lines": [], "start_line": 42}, "_parse_output": {"executed_lines": [171, 172, 176, 181, 182, 183, 196, 197, 198, 200, 205], "summary": {"covered_lines": 11, "num_statements": 27, "percent_covered": 40.74074074074074, "percent_covered_display": "41", "missing_lines": 16, "excluded_lines": 0, "percent_statements_covered": 40.74074074074074, "percent_statements_covered_display": "41"}, "missing_lines": [174, 175, 177, 184, 187, 188, 189, 190, 191, 192, 193, 194, 195, 199, 201, 202], "excluded_lines": [], "start_line": 161}, "_find_result_message": {"executed_lines": [210, 212], "summary": {"covered_lines": 2, "num_statements": 4, "percent_covered": 50.0, "percent_covered_display": "50", "missing_lines": 2, "excluded_lines": 0, "percent_statements_covered": 50.0, "percent_statements_covered_display": "50"}, "missing_lines": [211, 213], "excluded_lines": [], "start_line": 208}, "_extract_from_result_message": {"executed_lines": [218, 221, 222, 223, 224, 227, 228, 229, 230, 233, 234, 235, 237], "summary": {"covered_lines": 13, "num_statements": 37, "percent_covered": 35.13513513513514, "percent_covered_display": "35", "missing_lines": 24, "excluded_lines": 0, "percent_statements_covered": 35.13513513513514, "percent_statements_covered_display": "35"}, "missing_lines": [225, 226, 236, 238, 240, 241, 242, 244, 246, 249, 250, 251, 252, 253, 254, 255, 256, 257, 258, 259, 260, 261, 262, 264], "excluded_lines": [], "start_line": 216}, "_extract_json": {"executed_lines": [], "summary": {"covered_lines": 0, "num_statements": 17, "percent_covered": 0.0, "percent_covered_display": "0", "missing_lines": 17, "excluded_lines": 0, "percent_statements_covered": 0.0, "percent_statements_covered_display": "0"}, "missing_lines": [270, 271, 272, 273, 274, 275, 276, 279, 280, 281, 282, 283, 284, 285, 286, 287, 289], "excluded_lines": [], "start_line": 267}, "": {"executed_lines": [3, 5, 6, 7, 8, 9, 10, 11, 12, 14, 15, 18, 19, 22, 23, 25, 28, 42, 161, 208], "summary": {"covered_lines": 20, "num_statements": 22, "percent_covered": 90.9090909090909, "percent_covered_display": "91", "missing_lines": 2, "excluded_lines": 0, "percent_statements_covered": 90.9090909090909, "percent_statements_covered_display": "91"}, "missing_lines": [216, 267], "excluded_lines": [], "start_line": 1}}, "classes": {"ClaudeOutput": {"executed_lines": [], "summary": {"covered_lines": 0, "num_statements": 0, "percent_covered": 100.0, "percent_covered_display": "100", "missing_lines": 0, "excluded_lines": 0, "percent_statements_covered": 100.0, "percent_statements_covered_display": "100"}, "missing_lines": [], "excluded_lines": [], "start_line": 19}, "": {"executed_lines": [3, 5, 6, 7, 8, 9, 10, 11, 12, 14, 15, 18, 19, 22, 23, 25, 28, 30, 39, 42, 59, 60, 63, 64, 65, 66, 67, 69, 79, 80, 81, 82, 83, 84, 85, 87, 88, 89, 91, 92, 94, 103, 104, 107, 108, 117, 118, 121, 122, 123, 124, 129, 130, 131, 132, 133, 134, 138, 139, 140, 148, 153, 154, 155, 158, 161, 171, 172, 176, 181, 182, 183, 196, 197, 198, 200, 205, 208, 210, 212, 218, 221, 222, 223, 224, 227, 228, 229, 230, 233, 234, 235, 237], "summary": {"covered_lines": 93, "num_statements": 158, "percent_covered": 58.860759493670884, "percent_covered_display": "59", "missing_lines": 65, "excluded_lines": 0, "percent_statements_covered": 58.860759493670884, "percent_statements_covered_display": "59"}, "missing_lines": [105, 135, 136, 137, 174, 175, 177, 184, 187, 188, 189, 190, 191, 192, 193, 194, 195, 199, 201, 202, 211, 213, 216, 225, 226, 236, 238, 240, 241, 242, 244, 246, 249, 250, 251, 252, 253, 254, 255, 256, 257, 258, 259, 260, 261, 262, 264, 267, 270, 271, 272, 273, 274, 275, 276, 279, 280, 281, 282, 283, 284, 285, 286, 287, 289], "excluded_lines": [], "start_line": 1}}}, "src/aquarco_supervisor/cli/repo_manager.py": {"executed_lines": [20, 22, 23, 24, 25, 26, 27, 29, 31, 32, 38, 44, 50, 51, 52, 54, 55, 63, 64, 67, 68, 71, 72, 73, 74, 77, 103, 131, 153, 165, 166, 167, 168, 169, 170, 171, 172, 173, 174, 175, 182, 183, 184, 187, 188, 189, 190, 193, 194, 195, 196, 197, 198, 199, 200, 201, 203, 204, 209, 210, 218, 219, 243, 244, 245, 246, 251, 258, 259, 260, 261, 264, 265, 266, 268, 272, 273, 279, 280, 282, 283, 284, 288, 289, 292, 299, 300, 302, 310, 316, 317, 333, 334, 350, 351, 371, 372, 386, 387, 412, 413, 438, 439, 486, 487], "summary": {"covered_lines": 105, "num_statements": 209, "percent_covered": 50.239234449760765, "percent_covered_display": "50", "missing_lines": 104, "excluded_lines": 0, "percent_statements_covered": 50.239234449760765, "percent_statements_covered_display": "50"}, "missing_lines": [86, 92, 94, 99, 100, 112, 118, 123, 124, 133, 134, 135, 136, 140, 141, 145, 191, 192, 252, 262, 269, 277, 285, 322, 323, 324, 326, 327, 328, 329, 330, 339, 340, 341, 343, 344, 345, 346, 347, 359, 360, 361, 363, 364, 365, 366, 367, 368, 377, 378, 379, 381, 382, 383, 397, 398, 399, 401, 402, 403, 404, 405, 407, 408, 409, 421, 422, 423, 425, 426, 431, 432, 433, 434, 435, 450, 452, 453, 454, 455, 457, 458, 459, 460, 461, 462, 463, 464, 465, 470, 471, 472, 473, 474, 476, 477, 478, 479, 480, 482, 483, 509, 510, 515], "excluded_lines": [], "functions": {"_compose_file": {"executed_lines": [64], "summary": {"covered_lines": 1, "num_statements": 1, "percent_covered": 100.0, "percent_covered_display": "100", "missing_lines": 0, "excluded_lines": 0, "percent_statements_covered": 100.0, "percent_statements_covered_display": "100"}, "missing_lines": [], "excluded_lines": [], "start_line": 63}, "_env_file": {"executed_lines": [68], "summary": {"covered_lines": 1, "num_statements": 1, "percent_covered": 100.0, "percent_covered_display": "100", "missing_lines": 0, "excluded_lines": 0, "percent_statements_covered": 100.0, "percent_statements_covered_display": "100"}, "missing_lines": [], "excluded_lines": [], "start_line": 67}, "_die": {"executed_lines": [72, 73, 74], "summary": {"covered_lines": 3, "num_statements": 3, "percent_covered": 100.0, "percent_covered_display": "100", "missing_lines": 0, "excluded_lines": 0, "percent_statements_covered": 100.0, "percent_statements_covered_display": "100"}, "missing_lines": [], "excluded_lines": [], "start_line": 71}, "_run_compose": {"executed_lines": [], "summary": {"covered_lines": 0, "num_statements": 5, "percent_covered": 0.0, "percent_covered_display": "0", "missing_lines": 5, "excluded_lines": 0, "percent_statements_covered": 0.0, "percent_statements_covered_display": "0"}, "missing_lines": [86, 92, 94, 99, 100], "excluded_lines": [], "start_line": 77}, "_compose_quiet": {"executed_lines": [], "summary": {"covered_lines": 0, "num_statements": 4, "percent_covered": 0.0, "percent_covered_display": "0", "missing_lines": 4, "excluded_lines": 0, "percent_statements_covered": 0.0, "percent_statements_covered_display": "0"}, "missing_lines": [112, 118, 123, 124], "excluded_lines": [], "start_line": 103}, "_require_compose_files": {"executed_lines": [], "summary": {"covered_lines": 0, "num_statements": 7, "percent_covered": 0.0, "percent_covered_display": "0", "missing_lines": 7, "excluded_lines": 0, "percent_statements_covered": 0.0, "percent_statements_covered_display": "0"}, "missing_lines": [133, 134, 135, 136, 140, 141, 145], "excluded_lines": [], "start_line": 131}, "_allocate_ports": {"executed_lines": [165, 166, 167, 168, 169, 170, 171, 172, 173, 174, 175, 182, 183, 184, 187, 188, 189, 190, 193, 194, 195, 196, 197, 198, 199, 200, 201, 203, 204, 209, 210], "summary": {"covered_lines": 31, "num_statements": 33, "percent_covered": 93.93939393939394, "percent_covered_display": "94", "missing_lines": 2, "excluded_lines": 0, "percent_statements_covered": 93.93939393939394, "percent_statements_covered_display": "94"}, "missing_lines": [191, 192], "excluded_lines": [], "start_line": 153}, "cmd_setup": {"executed_lines": [243, 244, 245, 246, 251, 258, 259, 260, 261, 264, 265, 266, 268, 272, 273, 279, 280, 282, 283, 284, 288, 289, 292, 299, 300, 302, 310], "summary": {"covered_lines": 27, "num_statements": 32, "percent_covered": 84.375, "percent_covered_display": "84", "missing_lines": 5, "excluded_lines": 0, "percent_statements_covered": 84.375, "percent_statements_covered_display": "84"}, "missing_lines": [252, 262, 269, 277, 285], "excluded_lines": [], "start_line": 219}, "cmd_start": {"executed_lines": [], "summary": {"covered_lines": 0, "num_statements": 8, "percent_covered": 0.0, "percent_covered_display": "0", "missing_lines": 8, "excluded_lines": 0, "percent_statements_covered": 0.0, "percent_statements_covered_display": "0"}, "missing_lines": [322, 323, 324, 326, 327, 328, 329, 330], "excluded_lines": [], "start_line": 317}, "cmd_stop": {"executed_lines": [], "summary": {"covered_lines": 0, "num_statements": 8, "percent_covered": 0.0, "percent_covered_display": "0", "missing_lines": 8, "excluded_lines": 0, "percent_statements_covered": 0.0, "percent_statements_covered_display": "0"}, "missing_lines": [339, 340, 341, 343, 344, 345, 346, 347], "excluded_lines": [], "start_line": 334}, "cmd_restart": {"executed_lines": [], "summary": {"covered_lines": 0, "num_statements": 9, "percent_covered": 0.0, "percent_covered_display": "0", "missing_lines": 9, "excluded_lines": 0, "percent_statements_covered": 0.0, "percent_statements_covered_display": "0"}, "missing_lines": [359, 360, 361, 363, 364, 365, 366, 367, 368], "excluded_lines": [], "start_line": 351}, "cmd_status": {"executed_lines": [], "summary": {"covered_lines": 0, "num_statements": 6, "percent_covered": 0.0, "percent_covered_display": "0", "missing_lines": 6, "excluded_lines": 0, "percent_statements_covered": 0.0, "percent_statements_covered_display": "0"}, "missing_lines": [377, 378, 379, 381, 382, 383], "excluded_lines": [], "start_line": 372}, "cmd_logs": {"executed_lines": [], "summary": {"covered_lines": 0, "num_statements": 11, "percent_covered": 0.0, "percent_covered_display": "0", "missing_lines": 11, "excluded_lines": 0, "percent_statements_covered": 0.0, "percent_statements_covered_display": "0"}, "missing_lines": [397, 398, 399, 401, 402, 403, 404, 405, 407, 408, 409], "excluded_lines": [], "start_line": 387}, "cmd_destroy": {"executed_lines": [], "summary": {"covered_lines": 0, "num_statements": 10, "percent_covered": 0.0, "percent_covered_display": "0", "missing_lines": 10, "excluded_lines": 0, "percent_statements_covered": 0.0, "percent_statements_covered_display": "0"}, "missing_lines": [421, 422, 423, 425, 426, 431, 432, 433, 434, 435], "excluded_lines": [], "start_line": 413}, "cmd_list": {"executed_lines": [], "summary": {"covered_lines": 0, "num_statements": 13, "percent_covered": 0.0, "percent_covered_display": "0", "missing_lines": 13, "excluded_lines": 0, "percent_statements_covered": 0.0, "percent_statements_covered_display": "0"}, "missing_lines": [450, 452, 453, 454, 455, 457, 476, 477, 478, 479, 480, 482, 483], "excluded_lines": [], "start_line": 439}, "cmd_list._check_all": {"executed_lines": [], "summary": {"covered_lines": 0, "num_statements": 13, "percent_covered": 0.0, "percent_covered_display": "0", "missing_lines": 13, "excluded_lines": 0, "percent_statements_covered": 0.0, "percent_statements_covered_display": "0"}, "missing_lines": [458, 459, 460, 461, 462, 463, 464, 465, 470, 471, 472, 473, 474], "excluded_lines": [], "start_line": 457}, "cmd_alloc": {"executed_lines": [], "summary": {"covered_lines": 0, "num_statements": 3, "percent_covered": 0.0, "percent_covered_display": "0", "missing_lines": 3, "excluded_lines": 0, "percent_statements_covered": 0.0, "percent_statements_covered_display": "0"}, "missing_lines": [509, 510, 515], "excluded_lines": [], "start_line": 487}, "": {"executed_lines": [20, 22, 23, 24, 25, 26, 27, 29, 31, 32, 38, 44, 50, 51, 52, 54, 55, 63, 67, 71, 77, 103, 131, 153, 218, 219, 316, 317, 333, 334, 350, 351, 371, 372, 386, 387, 412, 413, 438, 439, 486, 487], "summary": {"covered_lines": 42, "num_statements": 42, "percent_covered": 100.0, "percent_covered_display": "100", "missing_lines": 0, "excluded_lines": 0, "percent_statements_covered": 100.0, "percent_statements_covered_display": "100"}, "missing_lines": [], "excluded_lines": [], "start_line": 1}}, "classes": {"": {"executed_lines": [20, 22, 23, 24, 25, 26, 27, 29, 31, 32, 38, 44, 50, 51, 52, 54, 55, 63, 64, 67, 68, 71, 72, 73, 74, 77, 103, 131, 153, 165, 166, 167, 168, 169, 170, 171, 172, 173, 174, 175, 182, 183, 184, 187, 188, 189, 190, 193, 194, 195, 196, 197, 198, 199, 200, 201, 203, 204, 209, 210, 218, 219, 243, 244, 245, 246, 251, 258, 259, 260, 261, 264, 265, 266, 268, 272, 273, 279, 280, 282, 283, 284, 288, 289, 292, 299, 300, 302, 310, 316, 317, 333, 334, 350, 351, 371, 372, 386, 387, 412, 413, 438, 439, 486, 487], "summary": {"covered_lines": 105, "num_statements": 209, "percent_covered": 50.239234449760765, "percent_covered_display": "50", "missing_lines": 104, "excluded_lines": 0, "percent_statements_covered": 50.239234449760765, "percent_statements_covered_display": "50"}, "missing_lines": [86, 92, 94, 99, 100, 112, 118, 123, 124, 133, 134, 135, 136, 140, 141, 145, 191, 192, 252, 262, 269, 277, 285, 322, 323, 324, 326, 327, 328, 329, 330, 339, 340, 341, 343, 344, 345, 346, 347, 359, 360, 361, 363, 364, 365, 366, 367, 368, 377, 378, 379, 381, 382, 383, 397, 398, 399, 401, 402, 403, 404, 405, 407, 408, 409, 421, 422, 423, 425, 426, 431, 432, 433, 434, 435, 450, 452, 453, 454, 455, 457, 458, 459, 460, 461, 462, 463, 464, 465, 470, 471, 472, 473, 474, 476, 477, 478, 479, 480, 482, 483, 509, 510, 515], "excluded_lines": [], "start_line": 1}}}, "src/aquarco_supervisor/cli/status.py": {"executed_lines": [3, 5, 6, 7, 8, 9, 10, 12, 14, 15, 16, 17, 19, 21, 22, 28, 30, 31, 32, 33, 35, 36, 37, 38, 39, 41, 42, 43, 44, 45, 46, 47, 48, 50, 51, 53, 60, 62, 63, 65, 66, 68, 69, 70, 72, 73, 75, 76, 78, 79, 80, 85, 87, 88, 89, 90, 91, 92, 100, 102, 103, 105, 106, 108, 109, 110, 111, 112, 113, 114, 115, 116, 117, 118, 119, 120, 121, 122, 124, 130, 138, 157, 181, 191, 192, 193, 194, 196, 197, 198, 199, 201, 202, 203, 204, 206, 207, 208, 209, 210, 212, 213, 215, 216, 217, 218, 219, 221, 222, 223, 230, 231, 232, 233, 234, 236, 237, 238, 246, 252, 276], "summary": {"covered_lines": 121, "num_statements": 170, "percent_covered": 71.17647058823529, "percent_covered_display": "71", "missing_lines": 49, "excluded_lines": 0, "percent_statements_covered": 71.17647058823529, "percent_statements_covered_display": "71"}, "missing_lines": [81, 82, 93, 94, 132, 135, 140, 154, 159, 175, 272, 273, 277, 280, 281, 283, 284, 285, 286, 287, 288, 291, 292, 295, 296, 297, 298, 300, 301, 302, 303, 304, 305, 306, 307, 308, 309, 310, 312, 313, 314, 315, 317, 320, 321, 329, 330, 331, 333], "excluded_lines": [], "functions": {"_get_supervisor_process_status": {"executed_lines": [30, 31, 32, 33, 35, 36, 37, 38, 39, 41, 42, 43, 44, 45, 46, 47, 48, 50, 51, 53], "summary": {"covered_lines": 20, "num_statements": 20, "percent_covered": 100.0, "percent_covered_display": "100", "missing_lines": 0, "excluded_lines": 0, "percent_statements_covered": 100.0, "percent_statements_covered_display": "100"}, "missing_lines": [], "excluded_lines": [], "start_line": 28}, "_compute_uptime": {"executed_lines": [62, 63, 65, 66, 68, 69, 70, 72, 73, 75, 76, 78, 79, 80], "summary": {"covered_lines": 14, "num_statements": 16, "percent_covered": 87.5, "percent_covered_display": "88", "missing_lines": 2, "excluded_lines": 0, "percent_statements_covered": 87.5, "percent_statements_covered_display": "88"}, "missing_lines": [81, 82], "excluded_lines": [], "start_line": 60}, "_getconf_clk_tck": {"executed_lines": [87, 88, 89, 90, 91, 92], "summary": {"covered_lines": 6, "num_statements": 8, "percent_covered": 75.0, "percent_covered_display": "75", "missing_lines": 2, "excluded_lines": 0, "percent_statements_covered": 75.0, "percent_statements_covered_display": "75"}, "missing_lines": [93, 94], "excluded_lines": [], "start_line": 85}, "_get_registry_summary": {"executed_lines": [102, 103, 105, 106, 108, 109, 110, 111, 112, 113, 114, 115, 116, 117, 118, 119, 120, 121, 122, 124], "summary": {"covered_lines": 20, "num_statements": 20, "percent_covered": 100.0, "percent_covered_display": "100", "missing_lines": 0, "excluded_lines": 0, "percent_statements_covered": 100.0, "percent_statements_covered_display": "100"}, "missing_lines": [], "excluded_lines": [], "start_line": 100}, "_query_task_queue_stats": {"executed_lines": [], "summary": {"covered_lines": 0, "num_statements": 2, "percent_covered": 0.0, "percent_covered_display": "0", "missing_lines": 2, "excluded_lines": 0, "percent_statements_covered": 0.0, "percent_statements_covered_display": "0"}, "missing_lines": [132, 135], "excluded_lines": [], "start_line": 130}, "_query_active_instances": {"executed_lines": [], "summary": {"covered_lines": 0, "num_statements": 2, "percent_covered": 0.0, "percent_covered_display": "0", "missing_lines": 2, "excluded_lines": 0, "percent_statements_covered": 0.0, "percent_statements_covered_display": "0"}, "missing_lines": [140, 154], "excluded_lines": [], "start_line": 138}, "_query_recent_tasks": {"executed_lines": [], "summary": {"covered_lines": 0, "num_statements": 2, "percent_covered": 0.0, "percent_covered_display": "0", "missing_lines": 2, "excluded_lines": 0, "percent_statements_covered": 0.0, "percent_statements_covered_display": "0"}, "missing_lines": [159, 175], "excluded_lines": [], "start_line": 157}, "_render_human": {"executed_lines": [191, 192, 193, 194, 196, 197, 198, 199, 201, 202, 203, 204, 206, 207, 208, 209, 210, 212, 213, 215, 216, 217, 218, 219, 221, 222, 223, 230, 231, 232, 233, 234, 236, 237, 238, 246], "summary": {"covered_lines": 36, "num_statements": 36, "percent_covered": 100.0, "percent_covered_display": "100", "missing_lines": 0, "excluded_lines": 0, "percent_statements_covered": 100.0, "percent_statements_covered_display": "100"}, "missing_lines": [], "excluded_lines": [], "start_line": 181}, "status": {"executed_lines": [], "summary": {"covered_lines": 0, "num_statements": 2, "percent_covered": 0.0, "percent_covered_display": "0", "missing_lines": 2, "excluded_lines": 0, "percent_statements_covered": 0.0, "percent_statements_covered_display": "0"}, "missing_lines": [272, 273], "excluded_lines": [], "start_line": 252}, "_run_status": {"executed_lines": [], "summary": {"covered_lines": 0, "num_statements": 37, "percent_covered": 0.0, "percent_covered_display": "0", "missing_lines": 37, "excluded_lines": 0, "percent_statements_covered": 0.0, "percent_statements_covered_display": "0"}, "missing_lines": [277, 280, 281, 283, 284, 285, 286, 287, 288, 291, 292, 295, 296, 297, 298, 300, 301, 302, 303, 304, 305, 306, 307, 308, 309, 310, 312, 313, 314, 315, 317, 320, 321, 329, 330, 331, 333], "excluded_lines": [], "start_line": 276}, "": {"executed_lines": [3, 5, 6, 7, 8, 9, 10, 12, 14, 15, 16, 17, 19, 21, 22, 28, 60, 85, 100, 130, 138, 157, 181, 252, 276], "summary": {"covered_lines": 25, "num_statements": 25, "percent_covered": 100.0, "percent_covered_display": "100", "missing_lines": 0, "excluded_lines": 0, "percent_statements_covered": 100.0, "percent_statements_covered_display": "100"}, "missing_lines": [], "excluded_lines": [], "start_line": 1}}, "classes": {"": {"executed_lines": [3, 5, 6, 7, 8, 9, 10, 12, 14, 15, 16, 17, 19, 21, 22, 28, 30, 31, 32, 33, 35, 36, 37, 38, 39, 41, 42, 43, 44, 45, 46, 47, 48, 50, 51, 53, 60, 62, 63, 65, 66, 68, 69, 70, 72, 73, 75, 76, 78, 79, 80, 85, 87, 88, 89, 90, 91, 92, 100, 102, 103, 105, 106, 108, 109, 110, 111, 112, 113, 114, 115, 116, 117, 118, 119, 120, 121, 122, 124, 130, 138, 157, 181, 191, 192, 193, 194, 196, 197, 198, 199, 201, 202, 203, 204, 206, 207, 208, 209, 210, 212, 213, 215, 216, 217, 218, 219, 221, 222, 223, 230, 231, 232, 233, 234, 236, 237, 238, 246, 252, 276], "summary": {"covered_lines": 121, "num_statements": 170, "percent_covered": 71.17647058823529, "percent_covered_display": "71", "missing_lines": 49, "excluded_lines": 0, "percent_statements_covered": 71.17647058823529, "percent_statements_covered_display": "71"}, "missing_lines": [81, 82, 93, 94, 132, 135, 140, 154, 159, 175, 272, 273, 277, 280, 281, 283, 284, 285, 286, 287, 288, 291, 292, 295, 296, 297, 298, 300, 301, 302, 303, 304, 305, 306, 307, 308, 309, 310, 312, 313, 314, 315, 317, 320, 321, 329, 330, 331, 333], "excluded_lines": [], "start_line": 1}}}, "src/aquarco_supervisor/config.py": {"executed_lines": [3, 5, 6, 8, 10, 11, 12, 14, 16, 19, 21, 22, 23, 25, 26, 27, 28, 30, 31, 33, 34, 35, 39, 40, 41, 42, 44, 45, 48, 50, 51, 54, 56, 57, 58, 59, 61, 62, 66, 69, 70, 71, 72, 76, 77, 84, 85, 88, 90, 92, 93, 94, 96, 98, 99, 100, 102, 104, 107, 109, 110, 111, 112, 115, 120, 124, 125, 126, 127], "summary": {"covered_lines": 69, "num_statements": 73, "percent_covered": 94.52054794520548, "percent_covered_display": "95", "missing_lines": 4, "excluded_lines": 0, "percent_statements_covered": 94.52054794520548, "percent_statements_covered_display": "95"}, "missing_lines": [63, 64, 67, 117], "excluded_lines": [], "functions": {"load_config": {"executed_lines": [21, 22, 23, 25, 26, 27, 28, 30, 31, 33, 34, 35, 39, 40, 41, 42, 44, 45], "summary": {"covered_lines": 18, "num_statements": 18, "percent_covered": 100.0, "percent_covered_display": "100", "missing_lines": 0, "excluded_lines": 0, "percent_statements_covered": 100.0, "percent_statements_covered_display": "100"}, "missing_lines": [], "excluded_lines": [], "start_line": 19}, "_validate_config": {"executed_lines": [50, 51], "summary": {"covered_lines": 2, "num_statements": 2, "percent_covered": 100.0, "percent_covered_display": "100", "missing_lines": 0, "excluded_lines": 0, "percent_statements_covered": 100.0, "percent_statements_covered_display": "100"}, "missing_lines": [], "excluded_lines": [], "start_line": 48}, "load_pipelines": {"executed_lines": [56, 57, 58, 59, 61, 62, 66, 69, 70, 71, 72, 76, 77, 84, 85], "summary": {"covered_lines": 15, "num_statements": 18, "percent_covered": 83.33333333333333, "percent_covered_display": "83", "missing_lines": 3, "excluded_lines": 0, "percent_statements_covered": 83.33333333333333, "percent_statements_covered_display": "83"}, "missing_lines": [63, 64, 67], "excluded_lines": [], "start_line": 54}, "load_secrets": {"executed_lines": [90, 92, 93, 94, 96, 98, 99, 100, 102, 104], "summary": {"covered_lines": 10, "num_statements": 10, "percent_covered": 100.0, "percent_covered_display": "100", "missing_lines": 0, "excluded_lines": 0, "percent_statements_covered": 100.0, "percent_statements_covered_display": "100"}, "missing_lines": [], "excluded_lines": [], "start_line": 88}, "get_poller_config": {"executed_lines": [109, 110, 111, 112], "summary": {"covered_lines": 4, "num_statements": 4, "percent_covered": 100.0, "percent_covered_display": "100", "missing_lines": 0, "excluded_lines": 0, "percent_statements_covered": 100.0, "percent_statements_covered_display": "100"}, "missing_lines": [], "excluded_lines": [], "start_line": 107}, "get_repository_config": {"executed_lines": [], "summary": {"covered_lines": 0, "num_statements": 1, "percent_covered": 0.0, "percent_covered_display": "0", "missing_lines": 1, "excluded_lines": 0, "percent_statements_covered": 0.0, "percent_statements_covered_display": "0"}, "missing_lines": [117], "excluded_lines": [], "start_line": 115}, "get_pipeline_config": {"executed_lines": [124, 125, 126, 127], "summary": {"covered_lines": 4, "num_statements": 4, "percent_covered": 100.0, "percent_covered_display": "100", "missing_lines": 0, "excluded_lines": 0, "percent_statements_covered": 100.0, "percent_statements_covered_display": "100"}, "missing_lines": [], "excluded_lines": [], "start_line": 120}, "": {"executed_lines": [3, 5, 6, 8, 10, 11, 12, 14, 16, 19, 48, 54, 88, 107, 115, 120], "summary": {"covered_lines": 16, "num_statements": 16, "percent_covered": 100.0, "percent_covered_display": "100", "missing_lines": 0, "excluded_lines": 0, "percent_statements_covered": 100.0, "percent_statements_covered_display": "100"}, "missing_lines": [], "excluded_lines": [], "start_line": 1}}, "classes": {"": {"executed_lines": [3, 5, 6, 8, 10, 11, 12, 14, 16, 19, 21, 22, 23, 25, 26, 27, 28, 30, 31, 33, 34, 35, 39, 40, 41, 42, 44, 45, 48, 50, 51, 54, 56, 57, 58, 59, 61, 62, 66, 69, 70, 71, 72, 76, 77, 84, 85, 88, 90, 92, 93, 94, 96, 98, 99, 100, 102, 104, 107, 109, 110, 111, 112, 115, 120, 124, 125, 126, 127], "summary": {"covered_lines": 69, "num_statements": 73, "percent_covered": 94.52054794520548, "percent_covered_display": "95", "missing_lines": 4, "excluded_lines": 0, "percent_statements_covered": 94.52054794520548, "percent_statements_covered_display": "95"}, "missing_lines": [63, 64, 67, 117], "excluded_lines": [], "start_line": 1}}}, "src/aquarco_supervisor/config_overlay.py": {"executed_lines": [3, 5, 6, 7, 9, 11, 12, 13, 15, 18, 20, 21, 22, 23, 24, 25, 26, 27, 28, 29, 30, 31, 34, 40, 41, 43, 44, 45, 46, 47, 48, 49, 52, 58, 59, 61, 62, 63, 64, 66, 67, 70, 73, 79, 80, 81, 84, 94, 95, 96, 98, 99, 100, 103, 104, 106, 107, 108, 111, 112, 114, 117, 124, 125, 126, 128, 133, 136, 137, 138, 142, 143, 144, 145, 146, 149, 155, 156, 157, 158, 161, 162, 167, 168, 169, 170, 171, 173, 174, 175, 176, 177, 179, 180, 181, 182, 183, 185, 186, 187, 188, 190, 191, 192, 193, 194, 196, 198, 199, 200, 203], "summary": {"covered_lines": 111, "num_statements": 115, "percent_covered": 96.52173913043478, "percent_covered_display": "97", "missing_lines": 4, "excluded_lines": 0, "percent_statements_covered": 96.52173913043478, "percent_statements_covered_display": "97"}, "missing_lines": [65, 165, 201, 202], "excluded_lines": [], "functions": {"load_overlay": {"executed_lines": [20, 21, 22, 23, 24, 25, 26, 27, 28, 29, 30, 31], "summary": {"covered_lines": 12, "num_statements": 12, "percent_covered": 100.0, "percent_covered_display": "100", "missing_lines": 0, "excluded_lines": 0, "percent_statements_covered": 100.0, "percent_statements_covered_display": "100"}, "missing_lines": [], "excluded_lines": [], "start_line": 18}, "merge_agents": {"executed_lines": [40, 41, 43, 44, 45, 46, 47, 48, 49], "summary": {"covered_lines": 9, "num_statements": 9, "percent_covered": 100.0, "percent_covered_display": "100", "missing_lines": 0, "excluded_lines": 0, "percent_statements_covered": 100.0, "percent_statements_covered_display": "100"}, "missing_lines": [], "excluded_lines": [], "start_line": 34}, "merge_pipelines": {"executed_lines": [58, 59, 61, 62, 63, 64, 66, 67], "summary": {"covered_lines": 8, "num_statements": 9, "percent_covered": 88.88888888888889, "percent_covered_display": "89", "missing_lines": 1, "excluded_lines": 0, "percent_statements_covered": 88.88888888888889, "percent_statements_covered_display": "89"}, "missing_lines": [65], "excluded_lines": [], "start_line": 52}, "ResolvedConfig.__init__": {"executed_lines": [79, 80, 81], "summary": {"covered_lines": 3, "num_statements": 3, "percent_covered": 100.0, "percent_covered_display": "100", "missing_lines": 0, "excluded_lines": 0, "percent_statements_covered": 100.0, "percent_statements_covered_display": "100"}, "missing_lines": [], "excluded_lines": [], "start_line": 73}, "resolve_config": {"executed_lines": [94, 95, 96, 98, 99, 100, 103, 104, 106, 107, 108, 111, 112, 114], "summary": {"covered_lines": 14, "num_statements": 14, "percent_covered": 100.0, "percent_covered_display": "100", "missing_lines": 0, "excluded_lines": 0, "percent_statements_covered": 100.0, "percent_statements_covered_display": "100"}, "missing_lines": [], "excluded_lines": [], "start_line": 84}, "ScopedAgentView.__init__": {"executed_lines": [125, 126], "summary": {"covered_lines": 2, "num_statements": 2, "percent_covered": 100.0, "percent_covered_display": "100", "missing_lines": 0, "excluded_lines": 0, "percent_statements_covered": 100.0, "percent_statements_covered_display": "100"}, "missing_lines": [], "excluded_lines": [], "start_line": 124}, "ScopedAgentView.get_agent_prompt_file": {"executed_lines": [133, 136, 137, 138, 142, 143, 144, 145, 146, 149, 155, 156, 157, 158, 161, 162], "summary": {"covered_lines": 16, "num_statements": 17, "percent_covered": 94.11764705882354, "percent_covered_display": "94", "missing_lines": 1, "excluded_lines": 0, "percent_statements_covered": 94.11764705882354, "percent_statements_covered_display": "94"}, "missing_lines": [165], "excluded_lines": [], "start_line": 128}, "ScopedAgentView.get_agent_timeout": {"executed_lines": [168, 169, 170, 171], "summary": {"covered_lines": 4, "num_statements": 4, "percent_covered": 100.0, "percent_covered_display": "100", "missing_lines": 0, "excluded_lines": 0, "percent_statements_covered": 100.0, "percent_statements_covered_display": "100"}, "missing_lines": [], "excluded_lines": [], "start_line": 167}, "ScopedAgentView.get_allowed_tools": {"executed_lines": [174, 175, 176, 177], "summary": {"covered_lines": 4, "num_statements": 4, "percent_covered": 100.0, "percent_covered_display": "100", "missing_lines": 0, "excluded_lines": 0, "percent_statements_covered": 100.0, "percent_statements_covered_display": "100"}, "missing_lines": [], "excluded_lines": [], "start_line": 173}, "ScopedAgentView.get_denied_tools": {"executed_lines": [180, 181, 182, 183], "summary": {"covered_lines": 4, "num_statements": 4, "percent_covered": 100.0, "percent_covered_display": "100", "missing_lines": 0, "excluded_lines": 0, "percent_statements_covered": 100.0, "percent_statements_covered_display": "100"}, "missing_lines": [], "excluded_lines": [], "start_line": 179}, "ScopedAgentView.get_agent_environment": {"executed_lines": [186, 187, 188], "summary": {"covered_lines": 3, "num_statements": 3, "percent_covered": 100.0, "percent_covered_display": "100", "missing_lines": 0, "excluded_lines": 0, "percent_statements_covered": 100.0, "percent_statements_covered_display": "100"}, "missing_lines": [], "excluded_lines": [], "start_line": 185}, "ScopedAgentView.get_agent_output_schema": {"executed_lines": [191, 192, 193, 194], "summary": {"covered_lines": 4, "num_statements": 4, "percent_covered": 100.0, "percent_covered_display": "100", "missing_lines": 0, "excluded_lines": 0, "percent_statements_covered": 100.0, "percent_statements_covered_display": "100"}, "missing_lines": [], "excluded_lines": [], "start_line": 190}, "ScopedAgentView.cleanup": {"executed_lines": [198, 199, 200, 203], "summary": {"covered_lines": 4, "num_statements": 6, "percent_covered": 66.66666666666667, "percent_covered_display": "67", "missing_lines": 2, "excluded_lines": 0, "percent_statements_covered": 66.66666666666667, "percent_statements_covered_display": "67"}, "missing_lines": [201, 202], "excluded_lines": [], "start_line": 196}, "": {"executed_lines": [3, 5, 6, 7, 9, 11, 12, 13, 15, 18, 34, 52, 70, 73, 84, 117, 124, 128, 167, 173, 179, 185, 190, 196], "summary": {"covered_lines": 24, "num_statements": 24, "percent_covered": 100.0, "percent_covered_display": "100", "missing_lines": 0, "excluded_lines": 0, "percent_statements_covered": 100.0, "percent_statements_covered_display": "100"}, "missing_lines": [], "excluded_lines": [], "start_line": 1}}, "classes": {"ResolvedConfig": {"executed_lines": [79, 80, 81], "summary": {"covered_lines": 3, "num_statements": 3, "percent_covered": 100.0, "percent_covered_display": "100", "missing_lines": 0, "excluded_lines": 0, "percent_statements_covered": 100.0, "percent_statements_covered_display": "100"}, "missing_lines": [], "excluded_lines": [], "start_line": 70}, "ScopedAgentView": {"executed_lines": [125, 126, 133, 136, 137, 138, 142, 143, 144, 145, 146, 149, 155, 156, 157, 158, 161, 162, 168, 169, 170, 171, 174, 175, 176, 177, 180, 181, 182, 183, 186, 187, 188, 191, 192, 193, 194, 198, 199, 200, 203], "summary": {"covered_lines": 41, "num_statements": 44, "percent_covered": 93.18181818181819, "percent_covered_display": "93", "missing_lines": 3, "excluded_lines": 0, "percent_statements_covered": 93.18181818181819, "percent_statements_covered_display": "93"}, "missing_lines": [165, 201, 202], "excluded_lines": [], "start_line": 117}, "": {"executed_lines": [3, 5, 6, 7, 9, 11, 12, 13, 15, 18, 20, 21, 22, 23, 24, 25, 26, 27, 28, 29, 30, 31, 34, 40, 41, 43, 44, 45, 46, 47, 48, 49, 52, 58, 59, 61, 62, 63, 64, 66, 67, 70, 73, 84, 94, 95, 96, 98, 99, 100, 103, 104, 106, 107, 108, 111, 112, 114, 117, 124, 128, 167, 173, 179, 185, 190, 196], "summary": {"covered_lines": 67, "num_statements": 68, "percent_covered": 98.52941176470588, "percent_covered_display": "99", "missing_lines": 1, "excluded_lines": 0, "percent_statements_covered": 98.52941176470588, "percent_statements_covered_display": "99"}, "missing_lines": [65], "excluded_lines": [], "start_line": 1}}}, "src/aquarco_supervisor/config_store.py": {"executed_lines": [14, 16, 17, 18, 20, 21, 22, 24, 26, 28, 29, 30, 37, 39, 41, 44, 49, 52, 57, 64, 72, 73, 74, 75, 77, 78, 79, 80, 81, 82, 84, 85, 86, 88, 89, 90, 91, 92, 97, 99, 101, 104, 116, 117, 118, 119, 120, 121, 122, 125, 133, 151, 152, 154, 155, 158, 167, 168, 169, 172, 179, 180, 181, 183, 184, 185, 186, 187, 189, 190, 191, 193, 194, 195, 196, 197, 202, 204, 205, 208, 211, 223, 224, 225, 226, 227, 228, 231, 239, 255, 256, 258, 259, 262, 271, 272, 273, 280, 290, 291, 295, 296, 297, 307, 308, 309, 310, 311, 314, 324, 326, 327, 328, 329, 330, 331, 332, 333, 338, 340, 341, 342, 345, 346, 348, 349, 352, 362, 363, 367, 378, 388, 389, 390, 391, 393, 399, 400, 401, 402, 403, 407, 409, 410, 414, 415], "summary": {"covered_lines": 146, "num_statements": 148, "percent_covered": 98.64864864864865, "percent_covered_display": "99", "missing_lines": 2, "excluded_lines": 0, "percent_statements_covered": 98.64864864864865, "percent_statements_covered_display": "99"}, "missing_lines": [40, 206], "excluded_lines": [], "functions": {"_load_json_schema": {"executed_lines": [39, 41], "summary": {"covered_lines": 2, "num_statements": 3, "percent_covered": 66.66666666666667, "percent_covered_display": "67", "missing_lines": 1, "excluded_lines": 0, "percent_statements_covered": 66.66666666666667, "percent_statements_covered_display": "67"}, "missing_lines": [40], "excluded_lines": [], "start_line": 37}, "validate_agent_definition": {"executed_lines": [49], "summary": {"covered_lines": 1, "num_statements": 1, "percent_covered": 100.0, "percent_covered_display": "100", "missing_lines": 0, "excluded_lines": 0, "percent_statements_covered": 100.0, "percent_statements_covered_display": "100"}, "missing_lines": [], "excluded_lines": [], "start_line": 44}, "validate_pipeline_definition": {"executed_lines": [57], "summary": {"covered_lines": 1, "num_statements": 1, "percent_covered": 100.0, "percent_covered_display": "100", "missing_lines": 0, "excluded_lines": 0, "percent_statements_covered": 100.0, "percent_statements_covered_display": "100"}, "missing_lines": [], "excluded_lines": [], "start_line": 52}, "load_agent_definitions_from_files": {"executed_lines": [72, 73, 74, 75, 77, 78, 79, 80, 81, 82, 84, 85, 86, 88, 89, 90, 91, 92, 97, 99, 101], "summary": {"covered_lines": 21, "num_statements": 21, "percent_covered": 100.0, "percent_covered_display": "100", "missing_lines": 0, "excluded_lines": 0, "percent_statements_covered": 100.0, "percent_statements_covered_display": "100"}, "missing_lines": [], "excluded_lines": [], "start_line": 64}, "store_agent_definitions": {"executed_lines": [116, 117, 118, 119, 120, 121, 122, 125, 133, 151, 152, 154, 155], "summary": {"covered_lines": 13, "num_statements": 13, "percent_covered": 100.0, "percent_covered_display": "100", "missing_lines": 0, "excluded_lines": 0, "percent_statements_covered": 100.0, "percent_statements_covered_display": "100"}, "missing_lines": [], "excluded_lines": [], "start_line": 104}, "sync_agent_definitions_to_db": {"executed_lines": [167, 168, 169], "summary": {"covered_lines": 3, "num_statements": 3, "percent_covered": 100.0, "percent_covered_display": "100", "missing_lines": 0, "excluded_lines": 0, "percent_statements_covered": 100.0, "percent_statements_covered_display": "100"}, "missing_lines": [], "excluded_lines": [], "start_line": 158}, "load_pipeline_definitions_from_file": {"executed_lines": [179, 180, 181, 183, 184, 185, 186, 187, 189, 190, 191, 193, 194, 195, 196, 197, 202, 204, 205, 208], "summary": {"covered_lines": 20, "num_statements": 21, "percent_covered": 95.23809523809524, "percent_covered_display": "95", "missing_lines": 1, "excluded_lines": 0, "percent_statements_covered": 95.23809523809524, "percent_statements_covered_display": "95"}, "missing_lines": [206], "excluded_lines": [], "start_line": 172}, "store_pipeline_definitions": {"executed_lines": [223, 224, 225, 226, 227, 228, 231, 239, 255, 256, 258, 259], "summary": {"covered_lines": 12, "num_statements": 12, "percent_covered": 100.0, "percent_covered_display": "100", "missing_lines": 0, "excluded_lines": 0, "percent_statements_covered": 100.0, "percent_statements_covered_display": "100"}, "missing_lines": [], "excluded_lines": [], "start_line": 211}, "sync_pipeline_definitions_to_db": {"executed_lines": [271, 272, 273], "summary": {"covered_lines": 3, "num_statements": 3, "percent_covered": 100.0, "percent_covered_display": "100", "missing_lines": 0, "excluded_lines": 0, "percent_statements_covered": 100.0, "percent_statements_covered_display": "100"}, "missing_lines": [], "excluded_lines": [], "start_line": 262}, "read_agent_definitions_from_db": {"executed_lines": [290, 291, 295, 296, 297, 307, 308, 309, 310, 311], "summary": {"covered_lines": 10, "num_statements": 10, "percent_covered": 100.0, "percent_covered_display": "100", "missing_lines": 0, "excluded_lines": 0, "percent_statements_covered": 100.0, "percent_statements_covered_display": "100"}, "missing_lines": [], "excluded_lines": [], "start_line": 280}, "export_agent_definitions_to_files": {"executed_lines": [324, 326, 327, 328, 329, 330, 331, 332, 333, 338, 340, 341, 342, 345, 346, 348, 349], "summary": {"covered_lines": 17, "num_statements": 17, "percent_covered": 100.0, "percent_covered_display": "100", "missing_lines": 0, "excluded_lines": 0, "percent_statements_covered": 100.0, "percent_statements_covered_display": "100"}, "missing_lines": [], "excluded_lines": [], "start_line": 314}, "read_pipeline_definitions_from_db": {"executed_lines": [362, 363, 367], "summary": {"covered_lines": 3, "num_statements": 3, "percent_covered": 100.0, "percent_covered_display": "100", "missing_lines": 0, "excluded_lines": 0, "percent_statements_covered": 100.0, "percent_statements_covered_display": "100"}, "missing_lines": [], "excluded_lines": [], "start_line": 352}, "export_pipeline_definitions_to_file": {"executed_lines": [388, 389, 390, 391, 393, 399, 400, 401, 402, 403, 407, 409, 410, 414, 415], "summary": {"covered_lines": 15, "num_statements": 15, "percent_covered": 100.0, "percent_covered_display": "100", "missing_lines": 0, "excluded_lines": 0, "percent_statements_covered": 100.0, "percent_statements_covered_display": "100"}, "missing_lines": [], "excluded_lines": [], "start_line": 378}, "": {"executed_lines": [14, 16, 17, 18, 20, 21, 22, 24, 26, 28, 29, 30, 37, 44, 52, 64, 104, 158, 172, 211, 262, 280, 314, 352, 378], "summary": {"covered_lines": 25, "num_statements": 25, "percent_covered": 100.0, "percent_covered_display": "100", "missing_lines": 0, "excluded_lines": 0, "percent_statements_covered": 100.0, "percent_statements_covered_display": "100"}, "missing_lines": [], "excluded_lines": [], "start_line": 1}}, "classes": {"": {"executed_lines": [14, 16, 17, 18, 20, 21, 22, 24, 26, 28, 29, 30, 37, 39, 41, 44, 49, 52, 57, 64, 72, 73, 74, 75, 77, 78, 79, 80, 81, 82, 84, 85, 86, 88, 89, 90, 91, 92, 97, 99, 101, 104, 116, 117, 118, 119, 120, 121, 122, 125, 133, 151, 152, 154, 155, 158, 167, 168, 169, 172, 179, 180, 181, 183, 184, 185, 186, 187, 189, 190, 191, 193, 194, 195, 196, 197, 202, 204, 205, 208, 211, 223, 224, 225, 226, 227, 228, 231, 239, 255, 256, 258, 259, 262, 271, 272, 273, 280, 290, 291, 295, 296, 297, 307, 308, 309, 310, 311, 314, 324, 326, 327, 328, 329, 330, 331, 332, 333, 338, 340, 341, 342, 345, 346, 348, 349, 352, 362, 363, 367, 378, 388, 389, 390, 391, 393, 399, 400, 401, 402, 403, 407, 409, 410, 414, 415], "summary": {"covered_lines": 146, "num_statements": 148, "percent_covered": 98.64864864864865, "percent_covered_display": "99", "missing_lines": 2, "excluded_lines": 0, "percent_statements_covered": 98.64864864864865, "percent_statements_covered_display": "99"}, "missing_lines": [40, 206], "excluded_lines": [], "start_line": 1}}}, "src/aquarco_supervisor/database.py": {"executed_lines": [3, 5, 6, 7, 9, 10, 11, 13, 14, 16, 18, 21, 24, 25, 26, 27, 29, 31, 33, 35, 36, 44, 46, 47, 48, 49, 50, 52, 54, 55, 56, 58, 59, 61, 62, 63, 64, 66, 72, 73, 74, 75, 76, 78, 84, 85, 86, 87, 88, 89, 91, 97, 98, 99, 100, 101, 102, 104, 110, 111, 112, 113, 114, 115, 116, 117, 118], "summary": {"covered_lines": 67, "num_statements": 67, "percent_covered": 100.0, "percent_covered_display": "100", "missing_lines": 0, "excluded_lines": 0, "percent_statements_covered": 100.0, "percent_statements_covered_display": "100"}, "missing_lines": [], "excluded_lines": [], "functions": {"Database.__init__": {"executed_lines": [25, 26, 27], "summary": {"covered_lines": 3, "num_statements": 3, "percent_covered": 100.0, "percent_covered_display": "100", "missing_lines": 0, "excluded_lines": 0, "percent_statements_covered": 100.0, "percent_statements_covered_display": "100"}, "missing_lines": [], "excluded_lines": [], "start_line": 24}, "Database._configure_connection": {"executed_lines": [31], "summary": {"covered_lines": 1, "num_statements": 1, "percent_covered": 100.0, "percent_covered_display": "100", "missing_lines": 0, "excluded_lines": 0, "percent_statements_covered": 100.0, "percent_statements_covered_display": "100"}, "missing_lines": [], "excluded_lines": [], "start_line": 29}, "Database.connect": {"executed_lines": [35, 36, 44, 46, 47, 48, 49, 50], "summary": {"covered_lines": 8, "num_statements": 8, "percent_covered": 100.0, "percent_covered_display": "100", "missing_lines": 0, "excluded_lines": 0, "percent_statements_covered": 100.0, "percent_statements_covered_display": "100"}, "missing_lines": [], "excluded_lines": [], "start_line": 33}, "Database.close": {"executed_lines": [54, 55, 56], "summary": {"covered_lines": 3, "num_statements": 3, "percent_covered": 100.0, "percent_covered_display": "100", "missing_lines": 0, "excluded_lines": 0, "percent_statements_covered": 100.0, "percent_statements_covered_display": "100"}, "missing_lines": [], "excluded_lines": [], "start_line": 52}, "Database.acquire": {"executed_lines": [61, 62, 63, 64], "summary": {"covered_lines": 4, "num_statements": 4, "percent_covered": 100.0, "percent_covered_display": "100", "missing_lines": 0, "excluded_lines": 0, "percent_statements_covered": 100.0, "percent_statements_covered_display": "100"}, "missing_lines": [], "excluded_lines": [], "start_line": 59}, "Database.execute": {"executed_lines": [72, 73, 74, 75, 76], "summary": {"covered_lines": 5, "num_statements": 5, "percent_covered": 100.0, "percent_covered_display": "100", "missing_lines": 0, "excluded_lines": 0, "percent_statements_covered": 100.0, "percent_statements_covered_display": "100"}, "missing_lines": [], "excluded_lines": [], "start_line": 66}, "Database.fetch_one": {"executed_lines": [84, 85, 86, 87, 88, 89], "summary": {"covered_lines": 6, "num_statements": 6, "percent_covered": 100.0, "percent_covered_display": "100", "missing_lines": 0, "excluded_lines": 0, "percent_statements_covered": 100.0, "percent_statements_covered_display": "100"}, "missing_lines": [], "excluded_lines": [], "start_line": 78}, "Database.fetch_all": {"executed_lines": [97, 98, 99, 100, 101, 102], "summary": {"covered_lines": 6, "num_statements": 6, "percent_covered": 100.0, "percent_covered_display": "100", "missing_lines": 0, "excluded_lines": 0, "percent_statements_covered": 100.0, "percent_statements_covered_display": "100"}, "missing_lines": [], "excluded_lines": [], "start_line": 91}, "Database.fetch_val": {"executed_lines": [110, 111, 112, 113, 114, 115, 116, 117, 118], "summary": {"covered_lines": 9, "num_statements": 9, "percent_covered": 100.0, "percent_covered_display": "100", "missing_lines": 0, "excluded_lines": 0, "percent_statements_covered": 100.0, "percent_statements_covered_display": "100"}, "missing_lines": [], "excluded_lines": [], "start_line": 104}, "": {"executed_lines": [3, 5, 6, 7, 9, 10, 11, 13, 14, 16, 18, 21, 24, 29, 33, 52, 58, 59, 66, 78, 91, 104], "summary": {"covered_lines": 22, "num_statements": 22, "percent_covered": 100.0, "percent_covered_display": "100", "missing_lines": 0, "excluded_lines": 0, "percent_statements_covered": 100.0, "percent_statements_covered_display": "100"}, "missing_lines": [], "excluded_lines": [], "start_line": 1}}, "classes": {"Database": {"executed_lines": [25, 26, 27, 31, 35, 36, 44, 46, 47, 48, 49, 50, 54, 55, 56, 61, 62, 63, 64, 72, 73, 74, 75, 76, 84, 85, 86, 87, 88, 89, 97, 98, 99, 100, 101, 102, 110, 111, 112, 113, 114, 115, 116, 117, 118], "summary": {"covered_lines": 45, "num_statements": 45, "percent_covered": 100.0, "percent_covered_display": "100", "missing_lines": 0, "excluded_lines": 0, "percent_statements_covered": 100.0, "percent_statements_covered_display": "100"}, "missing_lines": [], "excluded_lines": [], "start_line": 21}, "": {"executed_lines": [3, 5, 6, 7, 9, 10, 11, 13, 14, 16, 18, 21, 24, 29, 33, 52, 58, 59, 66, 78, 91, 104], "summary": {"covered_lines": 22, "num_statements": 22, "percent_covered": 100.0, "percent_covered_display": "100", "missing_lines": 0, "excluded_lines": 0, "percent_statements_covered": 100.0, "percent_statements_covered_display": "100"}, "missing_lines": [], "excluded_lines": [], "start_line": 1}}}, "src/aquarco_supervisor/exceptions.py": {"executed_lines": [4, 11, 15, 19, 26, 30, 34, 41, 45, 49, 56, 60, 64, 68, 75, 79, 86, 90, 97, 101, 105], "summary": {"covered_lines": 21, "num_statements": 21, "percent_covered": 100.0, "percent_covered_display": "100", "missing_lines": 0, "excluded_lines": 0, "percent_statements_covered": 100.0, "percent_statements_covered_display": "100"}, "missing_lines": [], "excluded_lines": [], "functions": {"": {"executed_lines": [4, 11, 15, 19, 26, 30, 34, 41, 45, 49, 56, 60, 64, 68, 75, 79, 86, 90, 97, 101, 105], "summary": {"covered_lines": 21, "num_statements": 21, "percent_covered": 100.0, "percent_covered_display": "100", "missing_lines": 0, "excluded_lines": 0, "percent_statements_covered": 100.0, "percent_statements_covered_display": "100"}, "missing_lines": [], "excluded_lines": [], "start_line": 1}}, "classes": {"SupervisorError": {"executed_lines": [], "summary": {"covered_lines": 0, "num_statements": 0, "percent_covered": 100.0, "percent_covered_display": "100", "missing_lines": 0, "excluded_lines": 0, "percent_statements_covered": 100.0, "percent_statements_covered_display": "100"}, "missing_lines": [], "excluded_lines": [], "start_line": 4}, "ConfigError": {"executed_lines": [], "summary": {"covered_lines": 0, "num_statements": 0, "percent_covered": 100.0, "percent_covered_display": "100", "missing_lines": 0, "excluded_lines": 0, "percent_statements_covered": 100.0, "percent_statements_covered_display": "100"}, "missing_lines": [], "excluded_lines": [], "start_line": 11}, "ConfigFileNotFoundError": {"executed_lines": [], "summary": {"covered_lines": 0, "num_statements": 0, "percent_covered": 100.0, "percent_covered_display": "100", "missing_lines": 0, "excluded_lines": 0, "percent_statements_covered": 100.0, "percent_statements_covered_display": "100"}, "missing_lines": [], "excluded_lines": [], "start_line": 15}, "ConfigValidationError": {"executed_lines": [], "summary": {"covered_lines": 0, "num_statements": 0, "percent_covered": 100.0, "percent_covered_display": "100", "missing_lines": 0, "excluded_lines": 0, "percent_statements_covered": 100.0, "percent_statements_covered_display": "100"}, "missing_lines": [], "excluded_lines": [], "start_line": 19}, "DatabaseError": {"executed_lines": [], "summary": {"covered_lines": 0, "num_statements": 0, "percent_covered": 100.0, "percent_covered_display": "100", "missing_lines": 0, "excluded_lines": 0, "percent_statements_covered": 100.0, "percent_statements_covered_display": "100"}, "missing_lines": [], "excluded_lines": [], "start_line": 26}, "ConnectionPoolError": {"executed_lines": [], "summary": {"covered_lines": 0, "num_statements": 0, "percent_covered": 100.0, "percent_covered_display": "100", "missing_lines": 0, "excluded_lines": 0, "percent_statements_covered": 100.0, "percent_statements_covered_display": "100"}, "missing_lines": [], "excluded_lines": [], "start_line": 30}, "QueryError": {"executed_lines": [], "summary": {"covered_lines": 0, "num_statements": 0, "percent_covered": 100.0, "percent_covered_display": "100", "missing_lines": 0, "excluded_lines": 0, "percent_statements_covered": 100.0, "percent_statements_covered_display": "100"}, "missing_lines": [], "excluded_lines": [], "start_line": 34}, "TaskError": {"executed_lines": [], "summary": {"covered_lines": 0, "num_statements": 0, "percent_covered": 100.0, "percent_covered_display": "100", "missing_lines": 0, "excluded_lines": 0, "percent_statements_covered": 100.0, "percent_statements_covered_display": "100"}, "missing_lines": [], "excluded_lines": [], "start_line": 41}, "TaskNotFoundError": {"executed_lines": [], "summary": {"covered_lines": 0, "num_statements": 0, "percent_covered": 100.0, "percent_covered_display": "100", "missing_lines": 0, "excluded_lines": 0, "percent_statements_covered": 100.0, "percent_statements_covered_display": "100"}, "missing_lines": [], "excluded_lines": [], "start_line": 45}, "TaskStateError": {"executed_lines": [], "summary": {"covered_lines": 0, "num_statements": 0, "percent_covered": 100.0, "percent_covered_display": "100", "missing_lines": 0, "excluded_lines": 0, "percent_statements_covered": 100.0, "percent_statements_covered_display": "100"}, "missing_lines": [], "excluded_lines": [], "start_line": 49}, "PipelineError": {"executed_lines": [], "summary": {"covered_lines": 0, "num_statements": 0, "percent_covered": 100.0, "percent_covered_display": "100", "missing_lines": 0, "excluded_lines": 0, "percent_statements_covered": 100.0, "percent_statements_covered_display": "100"}, "missing_lines": [], "excluded_lines": [], "start_line": 56}, "StageError": {"executed_lines": [], "summary": {"covered_lines": 0, "num_statements": 0, "percent_covered": 100.0, "percent_covered_display": "100", "missing_lines": 0, "excluded_lines": 0, "percent_statements_covered": 100.0, "percent_statements_covered_display": "100"}, "missing_lines": [], "excluded_lines": [], "start_line": 60}, "AgentExecutionError": {"executed_lines": [], "summary": {"covered_lines": 0, "num_statements": 0, "percent_covered": 100.0, "percent_covered_display": "100", "missing_lines": 0, "excluded_lines": 0, "percent_statements_covered": 100.0, "percent_statements_covered_display": "100"}, "missing_lines": [], "excluded_lines": [], "start_line": 64}, "AgentTimeoutError": {"executed_lines": [], "summary": {"covered_lines": 0, "num_statements": 0, "percent_covered": 100.0, "percent_covered_display": "100", "missing_lines": 0, "excluded_lines": 0, "percent_statements_covered": 100.0, "percent_statements_covered_display": "100"}, "missing_lines": [], "excluded_lines": [], "start_line": 68}, "AgentRegistryError": {"executed_lines": [], "summary": {"covered_lines": 0, "num_statements": 0, "percent_covered": 100.0, "percent_covered_display": "100", "missing_lines": 0, "excluded_lines": 0, "percent_statements_covered": 100.0, "percent_statements_covered_display": "100"}, "missing_lines": [], "excluded_lines": [], "start_line": 75}, "NoAvailableAgentError": {"executed_lines": [], "summary": {"covered_lines": 0, "num_statements": 0, "percent_covered": 100.0, "percent_covered_display": "100", "missing_lines": 0, "excluded_lines": 0, "percent_statements_covered": 100.0, "percent_statements_covered_display": "100"}, "missing_lines": [], "excluded_lines": [], "start_line": 79}, "PollerError": {"executed_lines": [], "summary": {"covered_lines": 0, "num_statements": 0, "percent_covered": 100.0, "percent_covered_display": "100", "missing_lines": 0, "excluded_lines": 0, "percent_statements_covered": 100.0, "percent_statements_covered_display": "100"}, "missing_lines": [], "excluded_lines": [], "start_line": 86}, "GitHubAPIError": {"executed_lines": [], "summary": {"covered_lines": 0, "num_statements": 0, "percent_covered": 100.0, "percent_covered_display": "100", "missing_lines": 0, "excluded_lines": 0, "percent_statements_covered": 100.0, "percent_statements_covered_display": "100"}, "missing_lines": [], "excluded_lines": [], "start_line": 90}, "WorkerError": {"executed_lines": [], "summary": {"covered_lines": 0, "num_statements": 0, "percent_covered": 100.0, "percent_covered_display": "100", "missing_lines": 0, "excluded_lines": 0, "percent_statements_covered": 100.0, "percent_statements_covered_display": "100"}, "missing_lines": [], "excluded_lines": [], "start_line": 97}, "CloneError": {"executed_lines": [], "summary": {"covered_lines": 0, "num_statements": 0, "percent_covered": 100.0, "percent_covered_display": "100", "missing_lines": 0, "excluded_lines": 0, "percent_statements_covered": 100.0, "percent_statements_covered_display": "100"}, "missing_lines": [], "excluded_lines": [], "start_line": 101}, "PullError": {"executed_lines": [], "summary": {"covered_lines": 0, "num_statements": 0, "percent_covered": 100.0, "percent_covered_display": "100", "missing_lines": 0, "excluded_lines": 0, "percent_statements_covered": 100.0, "percent_statements_covered_display": "100"}, "missing_lines": [], "excluded_lines": [], "start_line": 105}, "": {"executed_lines": [4, 11, 15, 19, 26, 30, 34, 41, 45, 49, 56, 60, 64, 68, 75, 79, 86, 90, 97, 101, 105], "summary": {"covered_lines": 21, "num_statements": 21, "percent_covered": 100.0, "percent_covered_display": "100", "missing_lines": 0, "excluded_lines": 0, "percent_statements_covered": 100.0, "percent_statements_covered_display": "100"}, "missing_lines": [], "excluded_lines": [], "start_line": 1}}}, "src/aquarco_supervisor/logging.py": {"executed_lines": [3, 5, 6, 7, 9, 12, 14, 16, 25, 35, 43, 44, 46, 47, 48, 49, 52, 53, 54, 55, 56, 57, 60, 62, 63], "summary": {"covered_lines": 25, "num_statements": 25, "percent_covered": 100.0, "percent_covered_display": "100", "missing_lines": 0, "excluded_lines": 0, "percent_statements_covered": 100.0, "percent_statements_covered_display": "100"}, "missing_lines": [], "excluded_lines": [], "functions": {"setup_logging": {"executed_lines": [14, 16, 25, 35, 43, 44, 46, 47, 48, 49, 52, 53, 54, 55, 56, 57], "summary": {"covered_lines": 16, "num_statements": 16, "percent_covered": 100.0, "percent_covered_display": "100", "missing_lines": 0, "excluded_lines": 0, "percent_statements_covered": 100.0, "percent_statements_covered_display": "100"}, "missing_lines": [], "excluded_lines": [], "start_line": 12}, "get_logger": {"executed_lines": [62, 63], "summary": {"covered_lines": 2, "num_statements": 2, "percent_covered": 100.0, "percent_covered_display": "100", "missing_lines": 0, "excluded_lines": 0, "percent_statements_covered": 100.0, "percent_statements_covered_display": "100"}, "missing_lines": [], "excluded_lines": [], "start_line": 60}, "": {"executed_lines": [3, 5, 6, 7, 9, 12, 60], "summary": {"covered_lines": 7, "num_statements": 7, "percent_covered": 100.0, "percent_covered_display": "100", "missing_lines": 0, "excluded_lines": 0, "percent_statements_covered": 100.0, "percent_statements_covered_display": "100"}, "missing_lines": [], "excluded_lines": [], "start_line": 1}}, "classes": {"": {"executed_lines": [3, 5, 6, 7, 9, 12, 14, 16, 25, 35, 43, 44, 46, 47, 48, 49, 52, 53, 54, 55, 56, 57, 60, 62, 63], "summary": {"covered_lines": 25, "num_statements": 25, "percent_covered": 100.0, "percent_covered_display": "100", "missing_lines": 0, "excluded_lines": 0, "percent_statements_covered": 100.0, "percent_statements_covered_display": "100"}, "missing_lines": [], "excluded_lines": [], "start_line": 1}}}, "src/aquarco_supervisor/main.py": {"executed_lines": [3, 5, 6, 7, 8, 9, 10, 11, 13, 15, 16, 17, 18, 19, 20, 21, 22, 23, 24, 25, 26, 27, 28, 29, 30, 31, 33, 34, 35, 36, 37, 38, 40, 43, 46, 52, 53, 54, 55, 56, 57, 58, 59, 62, 63, 64, 65, 66, 67, 68, 71, 72, 73, 75, 77, 78, 81, 86, 93, 96, 100, 103, 107, 112, 114, 117, 120, 123, 130, 131, 132, 133, 135, 136, 138, 140, 142, 143, 145, 150, 153, 154, 157, 158, 159, 162, 165, 168, 171, 173, 174, 177, 180, 181, 188, 189, 190, 192, 193, 194, 196, 198, 199, 200, 201, 202, 204, 205, 206, 207, 208, 210, 212, 213, 216, 219, 220, 222, 223, 225, 226, 227, 228, 231, 232, 233, 235, 239, 242, 243, 244, 245, 246, 247, 248, 250, 252, 253, 254, 255, 256, 257, 259, 261, 262, 264, 265, 266, 267, 268, 270, 271, 273, 274, 282, 283, 285, 288, 291, 292, 293, 294, 295, 302, 303, 311, 312, 318, 319, 320, 322, 324, 325, 326, 327, 328, 329, 330, 332, 334, 335, 336, 337, 343, 349, 350, 352, 353, 354, 372, 374, 375, 376, 377, 379, 381, 382, 384, 386, 387, 389, 391, 394, 398, 409, 410, 411, 412, 413, 416, 417, 437], "summary": {"covered_lines": 212, "num_statements": 245, "percent_covered": 86.53061224489795, "percent_covered_display": "87", "missing_lines": 33, "excluded_lines": 0, "percent_statements_covered": 86.53061224489795, "percent_statements_covered_display": "87"}, "missing_lines": [146, 147, 184, 185, 203, 240, 306, 307, 308, 309, 310, 338, 339, 340, 341, 356, 357, 358, 360, 361, 362, 369, 370, 421, 422, 425, 426, 427, 430, 431, 433, 434, 438], "excluded_lines": [], "functions": {"Supervisor.__init__": {"executed_lines": [52, 53, 54, 55, 56, 57, 58, 59, 62, 63, 64, 65, 66, 67, 68, 71, 72, 73], "summary": {"covered_lines": 18, "num_statements": 18, "percent_covered": 100.0, "percent_covered_display": "100", "missing_lines": 0, "excluded_lines": 0, "percent_statements_covered": 100.0, "percent_statements_covered_display": "100"}, "missing_lines": [], "excluded_lines": [], "start_line": 46}, "Supervisor.start": {"executed_lines": [77, 78, 81, 86, 93, 96, 100, 103, 107, 112, 114, 117, 120, 123, 130, 131, 132, 133, 135, 136], "summary": {"covered_lines": 20, "num_statements": 20, "percent_covered": 100.0, "percent_covered_display": "100", "missing_lines": 0, "excluded_lines": 0, "percent_statements_covered": 100.0, "percent_statements_covered_display": "100"}, "missing_lines": [], "excluded_lines": [], "start_line": 75}, "Supervisor._main_loop": {"executed_lines": [140, 142, 143, 145, 150, 153, 154, 157, 158, 159, 162, 165, 168, 171, 173, 174, 177, 180, 181, 188, 189, 190, 192, 193, 194], "summary": {"covered_lines": 25, "num_statements": 29, "percent_covered": 86.20689655172414, "percent_covered_display": "86", "missing_lines": 4, "excluded_lines": 0, "percent_statements_covered": 86.20689655172414, "percent_statements_covered_display": "86"}, "missing_lines": [146, 147, 184, 185], "excluded_lines": [], "start_line": 138}, "Supervisor._run_pollers": {"executed_lines": [198, 199, 200, 201, 202, 204, 205, 206, 207, 208], "summary": {"covered_lines": 10, "num_statements": 11, "percent_covered": 90.9090909090909, "percent_covered_display": "91", "missing_lines": 1, "excluded_lines": 0, "percent_statements_covered": 90.9090909090909, "percent_statements_covered_display": "91"}, "missing_lines": [203], "excluded_lines": [], "start_line": 196}, "Supervisor._dispatch_pending_tasks": {"executed_lines": [212, 213, 216, 219, 220, 222, 223, 225, 226, 227, 228, 231, 232, 233], "summary": {"covered_lines": 14, "num_statements": 14, "percent_covered": 100.0, "percent_covered_display": "100", "missing_lines": 0, "excluded_lines": 0, "percent_statements_covered": 100.0, "percent_statements_covered_display": "100"}, "missing_lines": [], "excluded_lines": [], "start_line": 210}, "Supervisor._run_task": {"executed_lines": [239, 242, 243, 244, 245, 246, 247, 248], "summary": {"covered_lines": 8, "num_statements": 9, "percent_covered": 88.88888888888889, "percent_covered_display": "89", "missing_lines": 1, "excluded_lines": 0, "percent_statements_covered": 88.88888888888889, "percent_statements_covered_display": "89"}, "missing_lines": [240], "excluded_lines": [], "start_line": 235}, "Supervisor._check_timed
[...]
_covered_display": "100"}, "missing_lines": [], "excluded_lines": [], "start_line": 267}, "TaskQueue.update_poll_state": {"executed_lines": [288], "summary": {"covered_lines": 1, "num_statements": 1, "percent_covered": 100.0, "percent_covered_display": "100", "missing_lines": 0, "excluded_lines": 0, "percent_statements_covered": 100.0, "percent_statements_covered_display": "100"}, "missing_lines": [], "excluded_lines": [], "start_line": 281}, "TaskQueue.get_poll_cursor": {"executed_lines": [306, 310], "summary": {"covered_lines": 2, "num_statements": 2, "percent_covered": 100.0, "percent_covered_display": "100", "missing_lines": 0, "excluded_lines": 0, "percent_statements_covered": 100.0, "percent_statements_covered_display": "100"}, "missing_lines": [], "excluded_lines": [], "start_line": 304}, "TaskQueue.record_stage_executing": {"executed_lines": [326, 346], "summary": {"covered_lines": 2, "num_statements": 3, "percent_covered": 66.66666666666667, "percent_covered_display": "67", "missing_lines": 1, "excluded_lines": 0, "percent_statements_covered": 66.66666666666667, "percent_statements_covered_display": "67"}, "missing_lines": [328], "excluded_lines": [], "start_line": 314}, "TaskQueue.record_stage_failed": {"executed_lines": [371, 387], "summary": {"covered_lines": 2, "num_statements": 3, "percent_covered": 66.66666666666667, "percent_covered_display": "67", "missing_lines": 1, "excluded_lines": 0, "percent_statements_covered": 66.66666666666667, "percent_statements_covered_display": "67"}, "missing_lines": [372], "excluded_lines": [], "start_line": 361}, "TaskQueue.record_stage_skipped": {"executed_lines": [405, 415], "summary": {"covered_lines": 2, "num_statements": 3, "percent_covered": 66.66666666666667, "percent_covered_display": "67", "missing_lines": 1, "excluded_lines": 0, "percent_statements_covered": 66.66666666666667, "percent_statements_covered_display": "67"}, "missing_lines": [406], "excluded_lines": [], "start_line": 396}, "TaskQueue.create_pending_stages": {"executed_lines": [429, 430], "summary": {"covered_lines": 2, "num_statements": 2, "percent_covered": 100.0, "percent_covered_display": "100", "missing_lines": 0, "excluded_lines": 0, "percent_statements_covered": 100.0, "percent_statements_covered_display": "100"}, "missing_lines": [], "excluded_lines": [], "start_line": 425}, "TaskQueue.update_task_phase": {"executed_lines": [], "summary": {"covered_lines": 0, "num_statements": 2, "percent_covered": 0.0, "percent_covered_display": "0", "missing_lines": 2, "excluded_lines": 0, "percent_statements_covered": 0.0, "percent_statements_covered_display": "0"}, "missing_lines": [443, 450], "excluded_lines": [], "start_line": 441}, "TaskQueue.store_planned_stages": {"executed_lines": [], "summary": {"covered_lines": 0, "num_statements": 1, "percent_covered": 0.0, "percent_covered_display": "0", "missing_lines": 1, "excluded_lines": 0, "percent_statements_covered": 0.0, "percent_statements_covered_display": "0"}, "missing_lines": [456], "excluded_lines": [], "start_line": 452}, "TaskQueue.create_planned_pending_stages": {"executed_lines": [], "summary": {"covered_lines": 0, "num_statements": 6, "percent_covered": 0.0, "percent_covered_display": "0", "missing_lines": 6, "excluded_lines": 0, "percent_statements_covered": 0.0, "percent_statements_covered_display": "0"}, "missing_lines": [472, 473, 474, 475, 476, 477], "excluded_lines": [], "start_line": 464}, "TaskQueue.create_iteration_stage": {"executed_lines": [], "summary": {"covered_lines": 0, "num_statements": 3, "percent_covered": 0.0, "percent_covered_display": "0", "missing_lines": 3, "excluded_lines": 0, "percent_statements_covered": 0.0, "percent_statements_covered_display": "0"}, "missing_lines": [504, 505, 522], "excluded_lines": [], "start_line": 495}, "TaskQueue.add_validation_item": {"executed_lines": [], "summary": {"covered_lines": 0, "num_statements": 3, "percent_covered": 0.0, "percent_covered_display": "0", "missing_lines": 3, "excluded_lines": 0, "percent_statements_covered": 0.0, "percent_statements_covered_display": "0"}, "missing_lines": [534, 547, 548], "excluded_lines": [], "start_line": 526}, "TaskQueue.resolve_validation_item": {"executed_lines": [], "summary": {"covered_lines": 0, "num_statements": 1, "percent_covered": 0.0, "percent_covered_display": "0", "missing_lines": 1, "excluded_lines": 0, "percent_statements_covered": 0.0, "percent_statements_covered_display": "0"}, "missing_lines": [554], "excluded_lines": [], "start_line": 550}, "TaskQueue.get_open_validation_items": {"executed_lines": [], "summary": {"covered_lines": 0, "num_statements": 4, "percent_covered": 0.0, "percent_covered_display": "0", "missing_lines": 4, "excluded_lines": 0, "percent_statements_covered": 0.0, "percent_statements_covered_display": "0"}, "missing_lines": [567, 568, 579, 589], "excluded_lines": [], "start_line": 563}, "TaskQueue.get_max_iteration": {"executed_lines": [], "summary": {"covered_lines": 0, "num_statements": 2, "percent_covered": 0.0, "percent_covered_display": "0", "missing_lines": 2, "excluded_lines": 0, "percent_statements_covered": 0.0, "percent_statements_covered_display": "0"}, "missing_lines": [593, 601], "excluded_lines": [], "start_line": 591}, "TaskQueue.checkpoint_pipeline": {"executed_lines": [609], "summary": {"covered_lines": 1, "num_statements": 1, "percent_covered": 100.0, "percent_covered_display": "100", "missing_lines": 0, "excluded_lines": 0, "percent_statements_covered": 100.0, "percent_statements_covered_display": "100"}, "missing_lines": [], "excluded_lines": [], "start_line": 605}, "TaskQueue.get_checkpoint": {"executed_lines": [624], "summary": {"covered_lines": 1, "num_statements": 1, "percent_covered": 100.0, "percent_covered_display": "100", "missing_lines": 0, "excluded_lines": 0, "percent_statements_covered": 100.0, "percent_statements_covered_display": "100"}, "missing_lines": [], "excluded_lines": [], "start_line": 622}, "TaskQueue.delete_checkpoint": {"executed_lines": [634], "summary": {"covered_lines": 1, "num_statements": 1, "percent_covered": 100.0, "percent_covered_display": "100", "missing_lines": 0, "excluded_lines": 0, "percent_statements_covered": 100.0, "percent_statements_covered_display": "100"}, "missing_lines": [], "excluded_lines": [], "start_line": 632}, "": {"executed_lines": [3, 5, 6, 8, 9, 10, 12, 15, 18, 22, 57, 81, 107, 115, 132, 154, 166, 241, 254, 267, 281, 304, 314, 361, 396, 425, 441, 452, 464, 495, 526, 550, 563, 591, 605, 622, 632], "summary": {"covered_lines": 37, "num_statements": 37, "percent_covered": 100.0, "percent_covered_display": "100", "missing_lines": 0, "excluded_lines": 0, "percent_statements_covered": 100.0, "percent_statements_covered_display": "100"}, "missing_lines": [], "excluded_lines": [], "start_line": 1}}, "classes": {"TaskQueue": {"executed_lines": [19, 20, 33, 52, 53, 54, 55, 59, 77, 78, 79, 83, 85, 86, 92, 93, 99, 105, 109, 113, 117, 128, 129, 130, 134, 152, 156, 164, 181, 182, 183, 185, 211, 233, 243, 247, 248, 249, 250, 251, 252, 256, 265, 269, 277, 288, 306, 310, 326, 346, 371, 387, 405, 415, 429, 430, 609, 624, 634], "summary": {"covered_lines": 59, "num_statements": 84, "percent_covered": 70.23809523809524, "percent_covered_display": "70", "missing_lines": 25, "excluded_lines": 0, "percent_statements_covered": 70.23809523809524, "percent_statements_covered_display": "70"}, "missing_lines": [328, 372, 406, 443, 450, 456, 472, 473, 474, 475, 476, 477, 504, 505, 522, 534, 547, 548, 554, 567, 568, 579, 589, 593, 601], "excluded_lines": [], "start_line": 15}, "": {"executed_lines": [3, 5, 6, 8, 9, 10, 12, 15, 18, 22, 57, 81, 107, 115, 132, 154, 166, 241, 254, 267, 281, 304, 314, 361, 396, 425, 441, 452, 464, 495, 526, 550, 563, 591, 605, 622, 632], "summary": {"covered_lines": 37, "num_statements": 37, "percent_covered": 100.0, "percent_covered_display": "100", "missing_lines": 0, "excluded_lines": 0, "percent_statements_covered": 100.0, "percent_statements_covered_display": "100"}, "missing_lines": [], "excluded_lines": [], "start_line": 1}}}, "src/aquarco_supervisor/utils.py": {"executed_lines": [3, 5, 6, 9, 13, 19, 20, 21, 22, 23, 24, 27, 29, 32, 34, 35, 36, 37, 38, 39, 40], "summary": {"covered_lines": 21, "num_statements": 21, "percent_covered": 100.0, "percent_covered_display": "100", "missing_lines": 0, "excluded_lines": 0, "percent_statements_covered": 100.0, "percent_statements_covered_display": "100"}, "missing_lines": [], "excluded_lines": [], "functions": {"run_cmd": {"executed_lines": [13, 19, 20, 21, 22, 23, 24], "summary": {"covered_lines": 7, "num_statements": 7, "percent_covered": 100.0, "percent_covered_display": "100", "missing_lines": 0, "excluded_lines": 0, "percent_statements_covered": 100.0, "percent_statements_covered_display": "100"}, "missing_lines": [], "excluded_lines": [], "start_line": 9}, "run_git": {"executed_lines": [29], "summary": {"covered_lines": 1, "num_statements": 1, "percent_covered": 100.0, "percent_covered_display": "100", "missing_lines": 0, "excluded_lines": 0, "percent_statements_covered": 100.0, "percent_statements_covered_display": "100"}, "missing_lines": [], "excluded_lines": [], "start_line": 27}, "url_to_slug": {"executed_lines": [34, 35, 36, 37, 38, 39, 40], "summary": {"covered_lines": 7, "num_statements": 7, "percent_covered": 100.0, "percent_covered_display": "100", "missing_lines": 0, "excluded_lines": 0, "percent_statements_covered": 100.0, "percent_statements_covered_display": "100"}, "missing_lines": [], "excluded_lines": [], "start_line": 32}, "": {"executed_lines": [3, 5, 6, 9, 27, 32], "summary": {"covered_lines": 6, "num_statements": 6, "percent_covered": 100.0, "percent_covered_display": "100", "missing_lines": 0, "excluded_lines": 0, "percent_statements_covered": 100.0, "percent_statements_covered_display": "100"}, "missing_lines": [], "excluded_lines": [], "start_line": 1}}, "classes": {"": {"executed_lines": [3, 5, 6, 9, 13, 19, 20, 21, 22, 23, 24, 27, 29, 32, 34, 35, 36, 37, 38, 39, 40], "summary": {"covered_lines": 21, "num_statements": 21, "percent_covered": 100.0, "percent_covered_display": "100", "missing_lines": 0, "excluded_lines": 0, "percent_statements_covered": 100.0, "percent_statements_covered_display": "100"}, "missing_lines": [], "excluded_lines": [], "start_line": 1}}}, "src/aquarco_supervisor/workers/__init__.py": {"executed_lines": [], "summary": {"covered_lines": 0, "num_statements": 0, "percent_covered": 100.0, "percent_covered_display": "100", "missing_lines": 0, "excluded_lines": 0, "percent_statements_covered": 100.0, "percent_statements_covered_display": "100"}, "missing_lines": [], "excluded_lines": [], "functions": {"": {"executed_lines": [], "summary": {"covered_lines": 0, "num_statements": 0, "percent_covered": 100.0, "percent_covered_display": "100", "missing_lines": 0, "excluded_lines": 0, "percent_statements_covered": 100.0, "percent_statements_covered_display": "100"}, "missing_lines": [], "excluded_lines": [], "start_line": 1}}, "classes": {"": {"executed_lines": [], "summary": {"covered_lines": 0, "num_statements": 0, "percent_covered": 100.0, "percent_covered_display": "100", "missing_lines": 0, "excluded_lines": 0, "percent_statements_covered": 100.0, "percent_statements_covered_display": "100"}, "missing_lines": [], "excluded_lines": [], "start_line": 1}}}, "src/aquarco_supervisor/workers/clone_worker.py": {"executed_lines": [3, 5, 6, 7, 8, 9, 11, 12, 13, 14, 16, 19, 22, 23, 24, 26, 28, 40, 41, 43, 44, 45, 46, 48, 51, 52, 53, 54, 56, 57, 58, 59, 60, 62, 64, 65, 68, 72, 73, 75, 76, 79, 81, 95, 103, 104, 107, 115, 117, 118, 120, 121, 122, 123, 125, 130, 139, 141, 142, 143, 145, 146, 147, 148, 150, 151, 157, 159, 160, 162, 164, 165, 166, 167, 169, 170, 172, 174, 179, 181, 182, 187, 189, 190, 191, 193, 195, 205, 210, 211, 213, 214, 215, 216, 217, 220, 222, 223, 224, 225, 226], "summary": {"covered_lines": 101, "num_statements": 101, "percent_covered": 100.0, "percent_covered_display": "100", "missing_lines": 0, "excluded_lines": 0, "percent_statements_covered": 100.0, "percent_statements_covered_display": "100"}, "missing_lines": [], "excluded_lines": [], "functions": {"CloneWorker.__init__": {"executed_lines": [23, 24], "summary": {"covered_lines": 2, "num_statements": 2, "percent_covered": 100.0, "percent_covered_display": "100", "missing_lines": 0, "excluded_lines": 0, "percent_statements_covered": 100.0, "percent_statements_covered_display": "100"}, "missing_lines": [], "excluded_lines": [], "start_line": 22}, "CloneWorker.clone_pending_repos": {"executed_lines": [28, 40, 41, 43, 44, 45, 46, 48, 51, 52, 53, 54, 56, 57, 58, 59, 60, 62, 64, 65, 68, 72, 73, 75, 76, 79, 81], "summary": {"covered_lines": 27, "num_statements": 27, "percent_covered": 100.0, "percent_covered_display": "100", "missing_lines": 0, "excluded_lines": 0, "percent_statements_covered": 100.0, "percent_statements_covered_display": "100"}, "missing_lines": [], "excluded_lines": [], "start_line": 26}, "CloneWorker._get_auth_env": {"executed_lines": [103, 104, 107], "summary": {"covered_lines": 3, "num_statements": 3, "percent_covered": 100.0, "percent_covered_display": "100", "missing_lines": 0, "excluded_lines": 0, "percent_statements_covered": 100.0, "percent_statements_covered_display": "100"}, "missing_lines": [], "excluded_lines": [], "start_line": 95}, "CloneWorker._get_ssh_command": {"executed_lines": [117, 118, 120, 121, 122, 123, 125], "summary": {"covered_lines": 7, "num_statements": 7, "percent_covered": 100.0, "percent_covered_display": "100", "missing_lines": 0, "excluded_lines": 0, "percent_statements_covered": 100.0, "percent_statements_covered_display": "100"}, "missing_lines": [], "excluded_lines": [], "start_line": 115}, "CloneWorker._do_clone": {"executed_lines": [139, 141, 142, 143, 145, 146, 147, 148, 150, 151, 157, 159, 160], "summary": {"covered_lines": 13, "num_statements": 13, "percent_covered": 100.0, "percent_covered_display": "100", "missing_lines": 0, "excluded_lines": 0, "percent_statements_covered": 100.0, "percent_statements_covered_display": "100"}, "missing_lines": [], "excluded_lines": [], "start_line": 130}, "CloneWorker._ensure_deploy_key": {"executed_lines": [164, 165, 166, 167, 169, 170, 172, 174, 179, 181, 182, 187, 189, 190, 191], "summary": {"covered_lines": 15, "num_statements": 15, "percent_covered": 100.0, "percent_covered_display": "100", "missing_lines": 0, "excluded_lines": 0, "percent_statements_covered": 100.0, "percent_statements_covered_display": "100"}, "missing_lines": [], "excluded_lines": [], "start_line": 162}, "CloneWorker._mark_ready": {"executed_lines": [195], "summary": {"covered_lines": 1, "num_statements": 1, "percent_covered": 100.0, "percent_covered_display": "100", "missing_lines": 0, "excluded_lines": 0, "percent_statements_covered": 100.0, "percent_statements_covered_display": "100"}, "missing_lines": [], "excluded_lines": [], "start_line": 193}, "_url_to_ssh": {"executed_lines": [210, 211, 213, 214, 215, 216, 217], "summary": {"covered_lines": 7, "num_statements": 7, "percent_covered": 100.0, "percent_covered_display": "100", "missing_lines": 0, "excluded_lines": 0, "percent_statements_covered": 100.0, "percent_statements_covered_display": "100"}, "missing_lines": [], "excluded_lines": [], "start_line": 205}, "_url_to_key_name": {"executed_lines": [222, 223, 224, 225, 226], "summary": {"covered_lines": 5, "num_statements": 5, "percent_covered": 100.0, "percent_covered_display": "100", "missing_lines": 0, "excluded_lines": 0, "percent_statements_covered": 100.0, "percent_statements_covered_display": "100"}, "missing_lines": [], "excluded_lines": [], "start_line": 220}, "": {"executed_lines": [3, 5, 6, 7, 8, 9, 11, 12, 13, 14, 16, 19, 22, 26, 95, 115, 130, 162, 193, 205, 220], "summary": {"covered_lines": 21, "num_statements": 21, "percent_covered": 100.0, "percent_covered_display": "100", "missing_lines": 0, "excluded_lines": 0, "percent_statements_covered": 100.0, "percent_statements_covered_display": "100"}, "missing_lines": [], "excluded_lines": [], "start_line": 1}}, "classes": {"CloneWorker": {"executed_lines": [23, 24, 28, 40, 41, 43, 44, 45, 46, 48, 51, 52, 53, 54, 56, 57, 58, 59, 60, 62, 64, 65, 68, 72, 73, 75, 76, 79, 81, 103, 104, 107, 117, 118, 120, 121, 122, 123, 125, 139, 141, 142, 143, 145, 146, 147, 148, 150, 151, 157, 159, 160, 164, 165, 166, 167, 169, 170, 172, 174, 179, 181, 182, 187, 189, 190, 191, 195], "summary": {"covered_lines": 68, "num_statements": 68, "percent_covered": 100.0, "percent_covered_display": "100", "missing_lines": 0, "excluded_lines": 0, "percent_statements_covered": 100.0, "percent_statements_covered_display": "100"}, "missing_lines": [], "excluded_lines": [], "start_line": 19}, "": {"executed_lines": [3, 5, 6, 7, 8, 9, 11, 12, 13, 14, 16, 19, 22, 26, 95, 115, 130, 162, 193, 205, 210, 211, 213, 214, 215, 216, 217, 220, 222, 223, 224, 225, 226], "summary": {"covered_lines": 33, "num_statements": 33, "percent_covered": 100.0, "percent_covered_display": "100", "missing_lines": 0, "excluded_lines": 0, "percent_statements_covered": 100.0, "percent_statements_covered_display": "100"}, "missing_lines": [], "excluded_lines": [], "start_line": 1}}}, "src/aquarco_supervisor/workers/pull_worker.py": {"executed_lines": [3, 5, 6, 8, 9, 10, 12, 16, 19, 22, 23, 25, 27, 35, 36, 37, 38, 40, 41, 44, 52, 60, 61, 66, 68, 69, 70, 71, 72, 74, 83, 84, 86, 87], "summary": {"covered_lines": 34, "num_statements": 36, "percent_covered": 94.44444444444444, "percent_covered_display": "94", "missing_lines": 2, "excluded_lines": 0, "percent_statements_covered": 94.44444444444444, "percent_statements_covered_display": "94"}, "missing_lines": [45, 50], "excluded_lines": [], "functions": {"PullWorker.__init__": {"executed_lines": [23], "summary": {"covered_lines": 1, "num_statements": 1, "percent_covered": 100.0, "percent_covered_display": "100", "missing_lines": 0, "excluded_lines": 0, "percent_statements_covered": 100.0, "percent_statements_covered_display": "100"}, "missing_lines": [], "excluded_lines": [], "start_line": 22}, "PullWorker.pull_ready_repos": {"executed_lines": [27, 35, 36, 37, 38, 40, 41, 44, 52, 60, 61, 66, 68, 69, 70, 71, 72, 74, 83, 84, 86, 87], "summary": {"covered_lines": 22, "num_statements": 24, "percent_covered": 91.66666666666667, "percent_covered_display": "92", "missing_lines": 2, "excluded_lines": 0, "percent_statements_covered": 91.66666666666667, "percent_statements_covered_display": "92"}, "missing_lines": [45, 50], "excluded_lines": [], "start_line": 25}, "": {"executed_lines": [3, 5, 6, 8, 9, 10, 12, 16, 19, 22, 25], "summary": {"covered_lines": 11, "num_statements": 11, "percent_covered": 100.0, "percent_covered_display": "100", "missing_lines": 0, "excluded_lines": 0, "percent_statements_covered": 100.0, "percent_statements_covered_display": "100"}, "missing_lines": [], "excluded_lines": [], "start_line": 1}}, "classes": {"PullWorker": {"executed_lines": [23, 27, 35, 36, 37, 38, 40, 41, 44, 52, 60, 61, 66, 68, 69, 70, 71, 72, 74, 83, 84, 86, 87], "summary": {"covered_lines": 23, "num_statements": 25, "percent_covered": 92.0, "percent_covered_display": "92", "missing_lines": 2, "excluded_lines": 0, "percent_statements_covered": 92.0, "percent_statements_covered_display": "92"}, "missing_lines": [45, 50], "excluded_lines": [], "start_line": 19}, "": {"executed_lines": [3, 5, 6, 8, 9, 10, 12, 16, 19, 22, 25], "summary": {"covered_lines": 11, "num_statements": 11, "percent_covered": 100.0, "percent_covered_display": "100", "missing_lines": 0, "excluded_lines": 0, "percent_statements_covered": 100.0, "percent_statements_covered_display": "100"}, "missing_lines": [], "excluded_lines": [], "start_line": 1}}}}, "totals": {"covered_lines": 2361, "num_statements": 3068, "percent_covered": 76.95567144719688, "percent_covered_display": "77", "missing_lines": 707, "excluded_lines": 2, "percent_statements_covered": 76.95567144719688, "percent_statements_covered_display": "77"}}